

Microchip Technology PIC LITE Macro Assembler V1.36 build -262312587 
                                                                                               Sat May 21 12:12:20 2016

Microchip Technology Omniscient Code Generator v1.36 (Free mode) build 201601150325
     1                           	processor	16F877A
     2                           	opt	pw 120
     3                           	opt	lm
     4                           	psect	cinit,global,class=CODE,merge=1,delta=2
     5                           	psect	cstackCOMMON,global,class=COMMON,space=1,delta=1
     6                           	psect	maintext,global,class=CODE,split=1,delta=2
     7                           	dabs	1,0x7E,2
     8  0000                     	;# 
     9  0001                     	;# 
    10  0002                     	;# 
    11  0003                     	;# 
    12  0004                     	;# 
    13  0005                     	;# 
    14  0006                     	;# 
    15  0007                     	;# 
    16  0008                     	;# 
    17  0009                     	;# 
    18  000A                     	;# 
    19  000B                     	;# 
    20  000C                     	;# 
    21  000D                     	;# 
    22  000E                     	;# 
    23  000E                     	;# 
    24  000F                     	;# 
    25  0010                     	;# 
    26  0011                     	;# 
    27  0012                     	;# 
    28  0013                     	;# 
    29  0014                     	;# 
    30  0015                     	;# 
    31  0015                     	;# 
    32  0016                     	;# 
    33  0017                     	;# 
    34  0018                     	;# 
    35  0019                     	;# 
    36  001A                     	;# 
    37  001B                     	;# 
    38  001B                     	;# 
    39  001C                     	;# 
    40  001D                     	;# 
    41  001E                     	;# 
    42  001F                     	;# 
    43  0081                     	;# 
    44  0085                     	;# 
    45  0086                     	;# 
    46  0087                     	;# 
    47  0088                     	;# 
    48  0089                     	;# 
    49  008C                     	;# 
    50  008D                     	;# 
    51  008E                     	;# 
    52  0091                     	;# 
    53  0092                     	;# 
    54  0093                     	;# 
    55  0094                     	;# 
    56  0098                     	;# 
    57  0099                     	;# 
    58  009C                     	;# 
    59  009D                     	;# 
    60  009E                     	;# 
    61  009F                     	;# 
    62  010C                     	;# 
    63  010D                     	;# 
    64  010E                     	;# 
    65  010F                     	;# 
    66  018C                     	;# 
    67  018D                     	;# 
    68                           
    69                           	psect	cinit
    70  07FC                     start_initialization:	
    71                           ; #config settings
    72                           
    73  07FC                     __initialization:	
    74  07FC                     end_of_initialization:	
    75                           ;End of C runtime variable initialization code
    76                           
    77  07FC                     __end_of__initialization:	
    78  07FC  0183               	clrf	3
    79  07FD  120A  118A  2FF9   	ljmp	_main	;jump to C main() function
    80                           
    81                           	psect	cstackCOMMON
    82  0000                     __pcstackCOMMON:	
    83  0000                     ?_main:	
    84  0000                     ??_main:	
    85                           ; 1 bytes @ 0x0
    86                           
    87                           
    88                           	psect	maintext
    89  07F9                     __pmaintext:	
    90                           ; 1 bytes @ 0x0
    91 ;;
    92 ;;Main: autosize = 0, tempsize = 0, incstack = 0, save=0
    93 ;;
    94 ;; *************** function _main *****************
    95 ;; Defined at:
    96 ;;		line 11 in file "main.c"
    97 ;; Parameters:    Size  Location     Type
    98 ;;		None
    99 ;; Auto vars:     Size  Location     Type
   100 ;;		None
   101 ;; Return value:  Size  Location     Type
   102 ;;                  1    wreg      void 
   103 ;; Registers used:
   104 ;;		None
   105 ;; Tracked objects:
   106 ;;		On entry : B00/0
   107 ;;		On exit  : 0/0
   108 ;;		Unchanged: 0/0
   109 ;; Data sizes:     COMMON   BANK0   BANK1   BANK3   BANK2
   110 ;;      Params:         0       0       0       0       0
   111 ;;      Locals:         0       0       0       0       0
   112 ;;      Temps:          0       0       0       0       0
   113 ;;      Totals:         0       0       0       0       0
   114 ;;Total ram usage:        0 bytes
   115 ;; This function calls:
   116 ;;		Nothing
   117 ;; This function is called by:
   118 ;;		Startup code after reset
   119 ;; This function uses a non-reentrant model
   120 ;;
   121                           
   122                           
   123                           ;psect for function _main
   124  07F9                     _main:	
   125                           
   126                           ;main.c: 12: return;
   127                           
   128                           ;incstack = 0
   129                           ; Regs used in _main: []
   130  07F9  120A  118A  2800   	ljmp	start
   131  07FC                     __end_of_main:	
   132  007E                     btemp	set	126	;btemp
   133  007E                     wtemp	set	126
   134  007E                     wtemp0	set	126
   135  0080                     wtemp1	set	128
   136  0082                     wtemp2	set	130
   137  0084                     wtemp3	set	132
   138  0086                     wtemp4	set	134
   139  0088                     wtemp5	set	136
   140  007F                     wtemp6	set	127
   141  007E                     ttemp	set	126
   142  007E                     ttemp0	set	126
   143  0081                     ttemp1	set	129
   144  0084                     ttemp2	set	132
   145  0087                     ttemp3	set	135
   146  007F                     ttemp4	set	127
   147  007E                     ltemp	set	126
   148  007E                     ltemp0	set	126
   149  0082                     ltemp1	set	130
   150  0086                     ltemp2	set	134
   151  0080                     ltemp3	set	128


Data Sizes:
    Strings     0
    Constant    0
    Data        0
    BSS         0
    Persistent  0
    Stack       0

Auto Spaces:
    Space          Size  Autos    Used
    COMMON           14      0       0
    BANK0            80      0       0
    BANK1            80      0       0
    BANK3            96      0       0
    BANK2            96      0       0

Pointer List with Targets:

    None.

Critical Paths under _main in COMMON

    None.

Critical Paths under _main in BANK0

    None.

Critical Paths under _main in BANK1

    None.

Critical Paths under _main in BANK3

    None.

Critical Paths under _main in BANK2

    None.

Call Graph Tables:

 ---------------------------------------------------------------------------------
 (Depth) Function   	        Calls       Base Space   Used Autos Params    Refs
 ---------------------------------------------------------------------------------
 (0) _main                                                 0     0      0       0
 ---------------------------------------------------------------------------------
 Estimated maximum stack depth 0
 ---------------------------------------------------------------------------------

 Call Graph Graphs:

 _main (ROOT)

 Address spaces:
Name               Size   Autos  Total    Cost      Usage
BITCOMMON            E      0       0       0        0.0%
EEDATA             100      0       0       0        0.0%
NULL                 0      0       0       0        0.0%
CODE                 0      0       0       0        0.0%
COMMON               E      0       0       1        0.0%
BITSFR0              0      0       0       1        0.0%
SFR0                 0      0       0       1        0.0%
BITSFR1              0      0       0       2        0.0%
SFR1                 0      0       0       2        0.0%
STACK                0      0       0       2        0.0%
ABS                  0      0       0       3        0.0%
BITBANK0            50      0       0       4        0.0%
BITSFR3              0      0       0       4        0.0%
SFR3                 0      0       0       4        0.0%
BANK0               50      0       0       5        0.0%
BITSFR2              0      0       0       5        0.0%
SFR2                 0      0       0       5        0.0%
BITBANK1            50      0       0       6        0.0%
BANK1               50      0       0       7        0.0%
BITBANK3            60      0       0       8        0.0%
BANK3               60      0       0       9        0.0%
BITBANK2            60      0       0      10        0.0%
BANK2               60      0       0      11        0.0%
DATA                 0      0       0      12        0.0%


Microchip Technology PIC Macro Assembler V1.36 build -262312587 
Symbol Table                                                                                   Sat May 21 12:12:20 2016

                   _main 07F9                     btemp 007E                     ltemp 007E  
                   start 0000                     ttemp 007E                     wtemp 007E  
                  ?_main 0000                    ltemp0 007E                    ltemp1 0082  
                  ltemp2 0086                    ltemp3 0080                    ttemp0 007E  
                  ttemp1 0081                    ttemp2 0084                    ttemp3 0087  
                  ttemp4 007F                    status 0003                    wtemp0 007E  
                  wtemp1 0080                    wtemp2 0082                    wtemp3 0084  
                  wtemp4 0086                    wtemp5 0088                    wtemp6 007F  
        __initialization 07FC             __end_of_main 07FC                   ??_main 0000  
__end_of__initialization 07FC           __pcstackCOMMON 0000               __pmaintext 07F9  
   end_of_initialization 07FC      start_initialization 07FC                ___latbits 0002  
          __size_of_main 0003  
