

Microchip Technology PIC LITE Macro Assembler V1.36 build -262312587 
                                                                                               Fri Jun 24 15:45:26 2016

Microchip Technology Omniscient Code Generator v1.36 (Free mode) build 201601150325
     1                           	processor	16F877A
     2                           	opt	pw 120
     3                           	opt	lm
     4                           	psect	cinit,global,class=CODE,merge=1,delta=2
     5                           	psect	cstackCOMMON,global,class=COMMON,space=1,delta=1
     6                           	psect	maintext,global,class=CODE,split=1,delta=2
     7                           	psect	text1,local,class=CODE,merge=1,delta=2
     8                           	dabs	1,0x7E,2
     9  0000                     	;# 
    10  0001                     	;# 
    11  0002                     	;# 
    12  0003                     	;# 
    13  0004                     	;# 
    14  0005                     	;# 
    15  0006                     	;# 
    16  0007                     	;# 
    17  0008                     	;# 
    18  0009                     	;# 
    19  000A                     	;# 
    20  000B                     	;# 
    21  000C                     	;# 
    22  000D                     	;# 
    23  000E                     	;# 
    24  000E                     	;# 
    25  000F                     	;# 
    26  0010                     	;# 
    27  0011                     	;# 
    28  0012                     	;# 
    29  0013                     	;# 
    30  0014                     	;# 
    31  0015                     	;# 
    32  0015                     	;# 
    33  0016                     	;# 
    34  0017                     	;# 
    35  0018                     	;# 
    36  0019                     	;# 
    37  001A                     	;# 
    38  001B                     	;# 
    39  001B                     	;# 
    40  001C                     	;# 
    41  001D                     	;# 
    42  001E                     	;# 
    43  001F                     	;# 
    44  0081                     	;# 
    45  0085                     	;# 
    46  0086                     	;# 
    47  0087                     	;# 
    48  0088                     	;# 
    49  0089                     	;# 
    50  008C                     	;# 
    51  008D                     	;# 
    52  008E                     	;# 
    53  0091                     	;# 
    54  0092                     	;# 
    55  0093                     	;# 
    56  0094                     	;# 
    57  0098                     	;# 
    58  0099                     	;# 
    59  009C                     	;# 
    60  009D                     	;# 
    61  009E                     	;# 
    62  009F                     	;# 
    63  010C                     	;# 
    64  010D                     	;# 
    65  010E                     	;# 
    66  010F                     	;# 
    67  018C                     	;# 
    68  018D                     	;# 
    69  0005                     _PORTA	set	5
    70  0006                     _PORTB	set	6
    71  0007                     _PORTC	set	7
    72  0008                     _PORTD	set	8
    73  0085                     _TRISA	set	133
    74  0086                     _TRISB	set	134
    75  0087                     _TRISC	set	135
    76  0088                     _TRISD	set	136
    77                           
    78                           	psect	cinit
    79  07FC                     start_initialization:	
    80                           ; #config settings
    81                           
    82  07FC                     __initialization:	
    83  07FC                     end_of_initialization:	
    84                           ;End of C runtime variable initialization code
    85                           
    86  07FC                     __end_of__initialization:	
    87  07FC  0183               	clrf	3
    88  07FD  120A  118A  2FD3   	ljmp	_main	;jump to C main() function
    89                           
    90                           	psect	cstackCOMMON
    91  0071                     __pcstackCOMMON:	
    92  0071                     ?_DELAY_ms:	
    93  0071                     ?_main:	
    94                           ; 1 bytes @ 0x0
    95                           
    96  0071                     DELAY_ms@ms_Count:	
    97                           ; 2 bytes @ 0x0
    98                           
    99                           
   100                           ; 2 bytes @ 0x0
   101  0071                     	ds	2
   102  0073                     ??_DELAY_ms:	
   103  0073                     DELAY_ms@i:	
   104                           ; 1 bytes @ 0x2
   105                           
   106                           
   107                           ; 2 bytes @ 0x2
   108  0073                     	ds	2
   109  0075                     DELAY_ms@j:	
   110                           
   111                           ; 2 bytes @ 0x4
   112  0075                     	ds	2
   113  0077                     ??_main:	
   114                           
   115                           	psect	maintext
   116  07D3                     __pmaintext:	
   117                           ; 1 bytes @ 0x6
   118 ;;
   119 ;;Main: autosize = 0, tempsize = 0, incstack = 0, save=0
   120 ;;
   121 ;; *************** function _main *****************
   122 ;; Defined at:
   123 ;;		line 49 in file "main.c"
   124 ;; Parameters:    Size  Location     Type
   125 ;;		None
   126 ;; Auto vars:     Size  Location     Type
   127 ;;  pattern         2    0        int 
   128 ;;  i               2    0        int 
   129 ;; Return value:  Size  Location     Type
   130 ;;                  2   26[None  ] int 
   131 ;; Registers used:
   132 ;;		wreg, status,2, status,0, pclath, cstack
   133 ;; Tracked objects:
   134 ;;		On entry : B00/0
   135 ;;		On exit  : 0/0
   136 ;;		Unchanged: 0/0
   137 ;; Data sizes:     COMMON   BANK0   BANK1   BANK3   BANK2
   138 ;;      Params:         0       0       0       0       0
   139 ;;      Locals:         0       0       0       0       0
   140 ;;      Temps:          0       0       0       0       0
   141 ;;      Totals:         0       0       0       0       0
   142 ;;Total ram usage:        0 bytes
   143 ;; Hardware stack levels required when called:    1
   144 ;; This function calls:
   145 ;;		_DELAY_ms
   146 ;; This function is called by:
   147 ;;		Startup code after reset
   148 ;; This function uses a non-reentrant model
   149 ;;
   150                           
   151                           
   152                           ;psect for function _main
   153  07D3                     _main:	
   154                           
   155                           ;main.c: 51: int i,pattern;
   156                           ;main.c: 53: TRISA = 0x00;
   157                           
   158                           ;incstack = 0
   159                           ; Regs used in _main: [wreg+status,2+status,0+pclath+cstack]
   160  07D3  1683               	bsf	3,5	;RP0=1, select bank1
   161  07D4  1303               	bcf	3,6	;RP1=0, select bank1
   162  07D5  0185               	clrf	5	;volatile
   163                           
   164                           ;main.c: 54: TRISB = 0x00;
   165  07D6  0186               	clrf	6	;volatile
   166                           
   167                           ;main.c: 55: TRISC = 0x00;
   168  07D7  0187               	clrf	7	;volatile
   169                           
   170                           ;main.c: 56: TRISD = 0x00;
   171  07D8  0188               	clrf	8	;volatile
   172  07D9                     l538:	
   173                           ;main.c: 58: while(1)
   174                           
   175                           
   176                           ;main.c: 59: {
   177                           ;main.c: 60: PORTA = 0xff;
   178  07D9  30FF               	movlw	255
   179  07DA  1283               	bcf	3,5	;RP0=0, select bank0
   180  07DB  1303               	bcf	3,6	;RP1=0, select bank0
   181  07DC  0085               	movwf	5	;volatile
   182                           
   183                           ;main.c: 61: PORTB = 0xff;
   184  07DD  30FF               	movlw	255
   185  07DE  0086               	movwf	6	;volatile
   186                           
   187                           ;main.c: 62: PORTC = 0xff;
   188  07DF  30FF               	movlw	255
   189  07E0  0087               	movwf	7	;volatile
   190                           
   191                           ;main.c: 63: PORTD = 0xff;
   192  07E1  30FF               	movlw	255
   193  07E2  0088               	movwf	8	;volatile
   194                           
   195                           ;main.c: 64: DELAY_ms(1);
   196  07E3  3001               	movlw	1
   197  07E4  00F1               	movwf	DELAY_ms@ms_Count
   198  07E5  3000               	movlw	0
   199  07E6  00F2               	movwf	DELAY_ms@ms_Count+1
   200  07E7  120A  118A  27AC  120A  118A  	fcall	_DELAY_ms
   201                           
   202                           ;main.c: 66: PORTA = 0x00;
   203  07EC  1283               	bcf	3,5	;RP0=0, select bank0
   204  07ED  1303               	bcf	3,6	;RP1=0, select bank0
   205  07EE  0185               	clrf	5	;volatile
   206                           
   207                           ;main.c: 67: PORTB = 0x00;
   208  07EF  0186               	clrf	6	;volatile
   209                           
   210                           ;main.c: 68: PORTC = 0x00;
   211  07F0  0187               	clrf	7	;volatile
   212                           
   213                           ;main.c: 69: PORTD = 0x00;
   214  07F1  0188               	clrf	8	;volatile
   215                           
   216                           ;main.c: 70: DELAY_ms(1);
   217  07F2  3001               	movlw	1
   218  07F3  00F1               	movwf	DELAY_ms@ms_Count
   219  07F4  3000               	movlw	0
   220  07F5  00F2               	movwf	DELAY_ms@ms_Count+1
   221  07F6  120A  118A  27AC  120A  118A  	fcall	_DELAY_ms
   222  07FB  2FD9               	goto	l538
   223  07FC                     __end_of_main:	
   224                           ;main.c: 82: }
   225                           ;main.c: 84: return (0);
   226                           ;	Return value of _main is never used
   227                           
   228                           
   229                           	psect	text1
   230  07AC                     __ptext1:	
   231 ;; *************** function _DELAY_ms *****************
   232 ;; Defined at:
   233 ;;		line 40 in file "main.c"
   234 ;; Parameters:    Size  Location     Type
   235 ;;  ms_Count        2    0[COMMON] unsigned int 
   236 ;; Auto vars:     Size  Location     Type
   237 ;;  j               2    4[COMMON] unsigned int 
   238 ;;  i               2    2[COMMON] unsigned int 
   239 ;; Return value:  Size  Location     Type
   240 ;;                  1    wreg      void 
   241 ;; Registers used:
   242 ;;		wreg, status,2
   243 ;; Tracked objects:
   244 ;;		On entry : 0/0
   245 ;;		On exit  : 0/0
   246 ;;		Unchanged: 0/0
   247 ;; Data sizes:     COMMON   BANK0   BANK1   BANK3   BANK2
   248 ;;      Params:         2       0       0       0       0
   249 ;;      Locals:         4       0       0       0       0
   250 ;;      Temps:          0       0       0       0       0
   251 ;;      Totals:         6       0       0       0       0
   252 ;;Total ram usage:        6 bytes
   253 ;; Hardware stack levels used:    1
   254 ;; This function calls:
   255 ;;		Nothing
   256 ;; This function is called by:
   257 ;;		_main
   258 ;; This function uses a non-reentrant model
   259 ;;
   260                           
   261                           
   262                           ;psect for function _DELAY_ms
   263  07AC                     _DELAY_ms:	
   264                           
   265                           ;main.c: 42: unsigned int i,j;
   266                           ;main.c: 43: for(i=0;i<ms_Count;i++)
   267                           
   268                           ;incstack = 0
   269                           ; Regs used in _DELAY_ms: [wreg+status,2]
   270  07AC  01F3               	clrf	DELAY_ms@i
   271  07AD  01F4               	clrf	DELAY_ms@i+1
   272  07AE                     l19:	
   273  07AE  0872               	movf	DELAY_ms@ms_Count+1,w
   274  07AF  0274               	subwf	DELAY_ms@i+1,w
   275  07B0  1D03               	skipz
   276  07B1  2FB4               	goto	u65
   277  07B2  0871               	movf	DELAY_ms@ms_Count,w
   278  07B3  0273               	subwf	DELAY_ms@i,w
   279  07B4                     u65:	
   280  07B4  1803               	btfsc	3,0
   281  07B5  0008               	return
   282                           
   283                           ;main.c: 44: {
   284                           ;main.c: 45: for(j=0;j<100;j++);
   285  07B6  01F5               	clrf	DELAY_ms@j
   286  07B7  01F6               	clrf	DELAY_ms@j+1
   287  07B8  3000               	movlw	0
   288  07B9  0276               	subwf	DELAY_ms@j+1,w
   289  07BA  3064               	movlw	100
   290  07BB  1903               	skipnz
   291  07BC  0275               	subwf	DELAY_ms@j,w
   292  07BD  1803               	btfsc	3,0
   293  07BE  2FCC               	goto	l534
   294  07BF                     l532:	
   295  07BF  3001               	movlw	1
   296  07C0  07F5               	addwf	DELAY_ms@j,f
   297  07C1  1803               	skipnc
   298  07C2  0AF6               	incf	DELAY_ms@j+1,f
   299  07C3  3000               	movlw	0
   300  07C4  07F6               	addwf	DELAY_ms@j+1,f
   301  07C5  3000               	movlw	0
   302  07C6  0276               	subwf	DELAY_ms@j+1,w
   303  07C7  3064               	movlw	100
   304  07C8  1903               	skipnz
   305  07C9  0275               	subwf	DELAY_ms@j,w
   306  07CA  1C03               	skipc
   307  07CB  2FBF               	goto	l532
   308  07CC                     l534:	
   309  07CC  3001               	movlw	1
   310  07CD  07F3               	addwf	DELAY_ms@i,f
   311  07CE  1803               	skipnc
   312  07CF  0AF4               	incf	DELAY_ms@i+1,f
   313  07D0  3000               	movlw	0
   314  07D1  07F4               	addwf	DELAY_ms@i+1,f
   315  07D2  2FAE               	goto	l19
   316  07D3                     __end_of_DELAY_ms:	
   317  007E                     btemp	set	126	;btemp
   318  007E                     wtemp	set	126
   319  007E                     wtemp0	set	126
   320  0080                     wtemp1	set	128
   321  0082                     wtemp2	set	130
   322  0084                     wtemp3	set	132
   323  0086                     wtemp4	set	134
   324  0088                     wtemp5	set	136
   325  007F                     wtemp6	set	127
   326  007E                     ttemp	set	126
   327  007E                     ttemp0	set	126
   328  0081                     ttemp1	set	129
   329  0084                     ttemp2	set	132
   330  0087                     ttemp3	set	135
   331  007F                     ttemp4	set	127
   332  007E                     ltemp	set	126
   333  007E                     ltemp0	set	126
   334  0082                     ltemp1	set	130
   335  0086                     ltemp2	set	134
   336  0080                     ltemp3	set	128


Data Sizes:
    Strings     0
    Constant    0
    Data        0
    BSS         0
    Persistent  0
    Stack       0

Auto Spaces:
    Space          Size  Autos    Used
    COMMON           13      6       6
    BANK0            80      0       0
    BANK1            80      0       0
    BANK3            85      0       0
    BANK2            96      0       0

Pointer List with Targets:

    None.

Critical Paths under _main in COMMON

    _main->_DELAY_ms

Critical Paths under _main in BANK0

    None.

Critical Paths under _main in BANK1

    None.

Critical Paths under _main in BANK3

    None.

Critical Paths under _main in BANK2

    None.

Call Graph Tables:

 ---------------------------------------------------------------------------------
 (Depth) Function   	        Calls       Base Space   Used Autos Params    Refs
 ---------------------------------------------------------------------------------
 (0) _main                                                 4     4      0     198
                           _DELAY_ms
 ---------------------------------------------------------------------------------
 (1) _DELAY_ms                                             6     4      2     198
                                              0 COMMON     6     4      2
 ---------------------------------------------------------------------------------
 Estimated maximum stack depth 1
 ---------------------------------------------------------------------------------

 Call Graph Graphs:

 _main (ROOT)
   _DELAY_ms

 Address spaces:
Name               Size   Autos  Total    Cost      Usage
BITCOMMON            D      0       0       0        0.0%
EEDATA             100      0       0       0        0.0%
NULL                 0      0       0       0        0.0%
CODE                 0      0       0       0        0.0%
COMMON               D      6       6       1       46.2%
BITSFR0              0      0       0       1        0.0%
SFR0                 0      0       0       1        0.0%
BITSFR1              0      0       0       2        0.0%
SFR1                 0      0       0       2        0.0%
STACK                0      0       0       2        0.0%
ABS                  0      0       0       3        0.0%
BITBANK0            50      0       0       4        0.0%
BITSFR3              0      0       0       4        0.0%
SFR3                 0      0       0       4        0.0%
BANK0               50      0       0       5        0.0%
BITSFR2              0      0       0       5        0.0%
SFR2                 0      0       0       5        0.0%
BITBANK1            50      0       0       6        0.0%
BANK1               50      0       0       7        0.0%
BITBANK3            55      0       0       8        0.0%
BANK3               55      0       0       9        0.0%
BITBANK2            60      0       0      10        0.0%
BANK2               60      0       0      11        0.0%
DATA                 0      0       0      12        0.0%


Microchip Technology PIC Macro Assembler V1.36 build -262312587 
Symbol Table                                                                                   Fri Jun 24 15:45:26 2016

                     l19 07AE                       u65 07B4                      l532 07BF  
                    l534 07CC                      l538 07D9                     _main 07D3  
                   btemp 007E                     ltemp 007E                     start 0001  
                   ttemp 007E                     wtemp 007E         __end_of_DELAY_ms 07D3  
                  ?_main 0071                    _PORTA 0005                    _PORTB 0006  
                  _PORTC 0007                    _PORTD 0008                    _TRISA 0085  
                  _TRISB 0086                    _TRISC 0087                    _TRISD 0088  
                  ltemp0 007E                    ltemp1 0082                    ltemp2 0086  
                  ltemp3 0080                    ttemp0 007E                    ttemp1 0081  
                  ttemp2 0084                    ttemp3 0087                    ttemp4 007F  
                  status 0003                    wtemp0 007E                    wtemp1 0080  
                  wtemp2 0082                    wtemp3 0084                    wtemp4 0086  
                  wtemp5 0088                    wtemp6 007F          __initialization 07FC  
           __end_of_main 07FC                   ??_main 0077                DELAY_ms@i 0073  
              DELAY_ms@j 0075         DELAY_ms@ms_Count 0071                ?_DELAY_ms 0071  
__end_of__initialization 07FC           __pcstackCOMMON 0071               ??_DELAY_ms 0073  
             __pmaintext 07D3                  __ptext1 07AC     end_of_initialization 07FC  
      __size_of_DELAY_ms 0027      start_initialization 07FC                ___latbits 0002  
               _DELAY_ms 07AC            __size_of_main 0029  
