

Microchip Technology PIC LITE Macro Assembler V1.36 build -262312587 
                                                                                               Fri Feb 19 17:38:22 2016

Microchip Technology Omniscient Code Generator v1.36 (Free mode) build 201601150325
     1                           	processor	16F877A
     2                           	opt	pw 120
     3                           	opt	lm
     4                           	psect	cinit,global,class=CODE,merge=1,delta=2
     5                           	psect	cstackCOMMON,global,class=COMMON,space=1,delta=1
     6                           	psect	maintext,global,class=CODE,split=1,delta=2
     7                           	psect	text1,local,class=CODE,merge=1,delta=2
     8                           	dabs	1,0x7E,2
     9  0000                     	;# 
    10  0001                     	;# 
    11  0002                     	;# 
    12  0003                     	;# 
    13  0004                     	;# 
    14  0005                     	;# 
    15  0006                     	;# 
    16  0007                     	;# 
    17  0008                     	;# 
    18  0009                     	;# 
    19  000A                     	;# 
    20  000B                     	;# 
    21  000C                     	;# 
    22  000D                     	;# 
    23  000E                     	;# 
    24  000E                     	;# 
    25  000F                     	;# 
    26  0010                     	;# 
    27  0011                     	;# 
    28  0012                     	;# 
    29  0013                     	;# 
    30  0014                     	;# 
    31  0015                     	;# 
    32  0015                     	;# 
    33  0016                     	;# 
    34  0017                     	;# 
    35  0018                     	;# 
    36  0019                     	;# 
    37  001A                     	;# 
    38  001B                     	;# 
    39  001B                     	;# 
    40  001C                     	;# 
    41  001D                     	;# 
    42  001E                     	;# 
    43  001F                     	;# 
    44  0081                     	;# 
    45  0085                     	;# 
    46  0086                     	;# 
    47  0087                     	;# 
    48  0088                     	;# 
    49  0089                     	;# 
    50  008C                     	;# 
    51  008D                     	;# 
    52  008E                     	;# 
    53  0091                     	;# 
    54  0092                     	;# 
    55  0093                     	;# 
    56  0094                     	;# 
    57  0098                     	;# 
    58  0099                     	;# 
    59  009C                     	;# 
    60  009D                     	;# 
    61  009E                     	;# 
    62  009F                     	;# 
    63  010C                     	;# 
    64  010D                     	;# 
    65  010E                     	;# 
    66  010F                     	;# 
    67  018C                     	;# 
    68  018D                     	;# 
    69  0005                     _PORTA	set	5
    70  0006                     _PORTB	set	6
    71  0007                     _PORTC	set	7
    72  0008                     _PORTD	set	8
    73  0085                     _TRISA	set	133
    74  0086                     _TRISB	set	134
    75  0087                     _TRISC	set	135
    76  0088                     _TRISD	set	136
    77                           
    78                           	psect	cinit
    79  07FC                     start_initialization:	
    80                           ; #config settings
    81                           
    82  07FC                     __initialization:	
    83  07FC                     end_of_initialization:	
    84                           ;End of C runtime variable initialization code
    85                           
    86  07FC                     __end_of__initialization:	
    87  07FC  0183               	clrf	3
    88  07FD  120A  118A  2FB6   	ljmp	_main	;jump to C main() function
    89                           
    90                           	psect	cstackCOMMON
    91  0070                     __pcstackCOMMON:	
    92  0070                     ?_DELAY_ms:	
    93  0070                     ?_main:	
    94                           ; 1 bytes @ 0x0
    95                           
    96  0070                     DELAY_ms@ms_Count:	
    97                           ; 2 bytes @ 0x0
    98                           
    99                           
   100                           ; 2 bytes @ 0x0
   101  0070                     	ds	2
   102  0072                     ??_DELAY_ms:	
   103  0072                     DELAY_ms@i:	
   104                           ; 1 bytes @ 0x2
   105                           
   106                           
   107                           ; 2 bytes @ 0x2
   108  0072                     	ds	2
   109  0074                     DELAY_ms@j:	
   110                           
   111                           ; 2 bytes @ 0x4
   112  0074                     	ds	2
   113  0076                     ??_main:	
   114                           
   115                           ; 1 bytes @ 0x6
   116  0076                     	ds	1
   117  0077                     main@count:	
   118                           
   119                           ; 1 bytes @ 0x7
   120  0077                     	ds	1
   121                           
   122                           	psect	maintext
   123  07B6                     __pmaintext:	
   124 ;;
   125 ;;Main: autosize = 0, tempsize = 1, incstack = 0, save=0
   126 ;;
   127 ;; *************** function _main *****************
   128 ;; Defined at:
   129 ;;		line 48 in file "main.c"
   130 ;; Parameters:    Size  Location     Type
   131 ;;		None
   132 ;; Auto vars:     Size  Location     Type
   133 ;;  count           1    7[COMMON] unsigned char 
   134 ;; Return value:  Size  Location     Type
   135 ;;                  2   26[None  ] int 
   136 ;; Registers used:
   137 ;;		wreg, status,2, status,0, pclath, cstack
   138 ;; Tracked objects:
   139 ;;		On entry : B00/0
   140 ;;		On exit  : 0/0
   141 ;;		Unchanged: 0/0
   142 ;; Data sizes:     COMMON   BANK0   BANK1   BANK3   BANK2
   143 ;;      Params:         0       0       0       0       0
   144 ;;      Locals:         1       0       0       0       0
   145 ;;      Temps:          1       0       0       0       0
   146 ;;      Totals:         2       0       0       0       0
   147 ;;Total ram usage:        2 bytes
   148 ;; Hardware stack levels required when called:    1
   149 ;; This function calls:
   150 ;;		_DELAY_ms
   151 ;; This function is called by:
   152 ;;		Startup code after reset
   153 ;; This function uses a non-reentrant model
   154 ;;
   155                           
   156                           
   157                           ;psect for function _main
   158  07B6                     _main:	
   159                           
   160                           ;main.c: 50: unsigned char count = 0;
   161                           
   162                           ;incstack = 0
   163                           ; Regs used in _main: [wreg+status,2+status,0+pclath+cstack]
   164  07B6  01F7               	clrf	main@count
   165                           
   166                           ;main.c: 52: TRISA = 0x00;
   167  07B7  1683               	bsf	3,5	;RP0=1, select bank1
   168  07B8  1303               	bcf	3,6	;RP1=0, select bank1
   169  07B9  0185               	clrf	5	;volatile
   170                           
   171                           ;main.c: 53: TRISB = 0x00;
   172  07BA  0186               	clrf	6	;volatile
   173                           
   174                           ;main.c: 54: TRISC = 0x00;
   175  07BB  0187               	clrf	7	;volatile
   176                           
   177                           ;main.c: 55: TRISD = 0x00;
   178  07BC  0188               	clrf	8	;volatile
   179  07BD                     l530:	
   180                           ;main.c: 57: while(1)
   181                           
   182                           
   183                           ;main.c: 58: {
   184                           ;main.c: 59: PORTA = count;
   185  07BD  0877               	movf	main@count,w
   186  07BE  1283               	bcf	3,5	;RP0=0, select bank0
   187  07BF  1303               	bcf	3,6	;RP1=0, select bank0
   188  07C0  0085               	movwf	5	;volatile
   189                           
   190                           ;main.c: 60: PORTB = count;
   191  07C1  0877               	movf	main@count,w
   192  07C2  0086               	movwf	6	;volatile
   193                           
   194                           ;main.c: 61: PORTC = count;
   195  07C3  0877               	movf	main@count,w
   196  07C4  0087               	movwf	7	;volatile
   197                           
   198                           ;main.c: 62: PORTD = count;
   199  07C5  0877               	movf	main@count,w
   200  07C6  0088               	movwf	8	;volatile
   201                           
   202                           ;main.c: 63: DELAY_ms(500);
   203  07C7  30F4               	movlw	244
   204  07C8  00F0               	movwf	DELAY_ms@ms_Count
   205  07C9  3001               	movlw	1
   206  07CA  00F1               	movwf	DELAY_ms@ms_Count+1
   207  07CB  120A  118A  27D5  120A  118A  	fcall	_DELAY_ms
   208                           
   209                           ;main.c: 64: count++;
   210  07D0  3001               	movlw	1
   211  07D1  00F6               	movwf	??_main
   212  07D2  0876               	movf	??_main,w
   213  07D3  07F7               	addwf	main@count,f
   214  07D4  2FBD               	goto	l530
   215  07D5                     __end_of_main:	
   216                           ;main.c: 65: }
   217                           ;main.c: 67: return (0);
   218                           ;	Return value of _main is never used
   219                           
   220                           
   221                           	psect	text1
   222  07D5                     __ptext1:	
   223 ;; *************** function _DELAY_ms *****************
   224 ;; Defined at:
   225 ;;		line 40 in file "main.c"
   226 ;; Parameters:    Size  Location     Type
   227 ;;  ms_Count        2    0[COMMON] unsigned int 
   228 ;; Auto vars:     Size  Location     Type
   229 ;;  j               2    4[COMMON] unsigned int 
   230 ;;  i               2    2[COMMON] unsigned int 
   231 ;; Return value:  Size  Location     Type
   232 ;;                  1    wreg      void 
   233 ;; Registers used:
   234 ;;		wreg, status,2
   235 ;; Tracked objects:
   236 ;;		On entry : 0/0
   237 ;;		On exit  : 0/0
   238 ;;		Unchanged: 0/0
   239 ;; Data sizes:     COMMON   BANK0   BANK1   BANK3   BANK2
   240 ;;      Params:         2       0       0       0       0
   241 ;;      Locals:         4       0       0       0       0
   242 ;;      Temps:          0       0       0       0       0
   243 ;;      Totals:         6       0       0       0       0
   244 ;;Total ram usage:        6 bytes
   245 ;; Hardware stack levels used:    1
   246 ;; This function calls:
   247 ;;		Nothing
   248 ;; This function is called by:
   249 ;;		_main
   250 ;; This function uses a non-reentrant model
   251 ;;
   252                           
   253                           
   254                           ;psect for function _DELAY_ms
   255  07D5                     _DELAY_ms:	
   256                           
   257                           ;main.c: 42: unsigned int i,j;
   258                           ;main.c: 43: for(i=0;i<ms_Count;i++)
   259                           
   260                           ;incstack = 0
   261                           ; Regs used in _DELAY_ms: [wreg+status,2]
   262  07D5  01F2               	clrf	DELAY_ms@i
   263  07D6  01F3               	clrf	DELAY_ms@i+1
   264  07D7                     l19:	
   265  07D7  0871               	movf	DELAY_ms@ms_Count+1,w
   266  07D8  0273               	subwf	DELAY_ms@i+1,w
   267  07D9  1D03               	skipz
   268  07DA  2FDD               	goto	u65
   269  07DB  0870               	movf	DELAY_ms@ms_Count,w
   270  07DC  0272               	subwf	DELAY_ms@i,w
   271  07DD                     u65:	
   272  07DD  1803               	btfsc	3,0
   273  07DE  0008               	return
   274                           
   275                           ;main.c: 44: {
   276                           ;main.c: 45: for(j=0;j<100;j++);
   277  07DF  01F4               	clrf	DELAY_ms@j
   278  07E0  01F5               	clrf	DELAY_ms@j+1
   279  07E1  3000               	movlw	0
   280  07E2  0275               	subwf	DELAY_ms@j+1,w
   281  07E3  3064               	movlw	100
   282  07E4  1903               	skipnz
   283  07E5  0274               	subwf	DELAY_ms@j,w
   284  07E6  1803               	btfsc	3,0
   285  07E7  2FF5               	goto	l526
   286  07E8                     l524:	
   287  07E8  3001               	movlw	1
   288  07E9  07F4               	addwf	DELAY_ms@j,f
   289  07EA  1803               	skipnc
   290  07EB  0AF5               	incf	DELAY_ms@j+1,f
   291  07EC  3000               	movlw	0
   292  07ED  07F5               	addwf	DELAY_ms@j+1,f
   293  07EE  3000               	movlw	0
   294  07EF  0275               	subwf	DELAY_ms@j+1,w
   295  07F0  3064               	movlw	100
   296  07F1  1903               	skipnz
   297  07F2  0274               	subwf	DELAY_ms@j,w
   298  07F3  1C03               	skipc
   299  07F4  2FE8               	goto	l524
   300  07F5                     l526:	
   301  07F5  3001               	movlw	1
   302  07F6  07F2               	addwf	DELAY_ms@i,f
   303  07F7  1803               	skipnc
   304  07F8  0AF3               	incf	DELAY_ms@i+1,f
   305  07F9  3000               	movlw	0
   306  07FA  07F3               	addwf	DELAY_ms@i+1,f
   307  07FB  2FD7               	goto	l19
   308  07FC                     __end_of_DELAY_ms:	
   309  007E                     btemp	set	126	;btemp
   310  007E                     wtemp	set	126
   311  007E                     wtemp0	set	126
   312  0080                     wtemp1	set	128
   313  0082                     wtemp2	set	130
   314  0084                     wtemp3	set	132
   315  0086                     wtemp4	set	134
   316  0088                     wtemp5	set	136
   317  007F                     wtemp6	set	127
   318  007E                     ttemp	set	126
   319  007E                     ttemp0	set	126
   320  0081                     ttemp1	set	129
   321  0084                     ttemp2	set	132
   322  0087                     ttemp3	set	135
   323  007F                     ttemp4	set	127
   324  007E                     ltemp	set	126
   325  007E                     ltemp0	set	126
   326  0082                     ltemp1	set	130
   327  0086                     ltemp2	set	134
   328  0080                     ltemp3	set	128


Data Sizes:
    Strings     0
    Constant    0
    Data        0
    BSS         0
    Persistent  0
    Stack       0

Auto Spaces:
    Space          Size  Autos    Used
    COMMON           14      8       8
    BANK0            80      0       0
    BANK1            80      0       0
    BANK3            96      0       0
    BANK2            96      0       0

Pointer List with Targets:

    None.

Critical Paths under _main in COMMON

    _main->_DELAY_ms

Critical Paths under _main in BANK0

    None.

Critical Paths under _main in BANK1

    None.

Critical Paths under _main in BANK3

    None.

Critical Paths under _main in BANK2

    None.

Call Graph Tables:

 ---------------------------------------------------------------------------------
 (Depth) Function   	        Calls       Base Space   Used Autos Params    Refs
 ---------------------------------------------------------------------------------
 (0) _main                                                 2     2      0     235
                                              6 COMMON     2     2      0
                           _DELAY_ms
 ---------------------------------------------------------------------------------
 (1) _DELAY_ms                                             6     4      2     145
                                              0 COMMON     6     4      2
 ---------------------------------------------------------------------------------
 Estimated maximum stack depth 1
 ---------------------------------------------------------------------------------

 Call Graph Graphs:

 _main (ROOT)
   _DELAY_ms

 Address spaces:
Name               Size   Autos  Total    Cost      Usage
BITCOMMON            E      0       0       0        0.0%
EEDATA             100      0       0       0        0.0%
NULL                 0      0       0       0        0.0%
CODE                 0      0       0       0        0.0%
COMMON               E      8       8       1       57.1%
BITSFR0              0      0       0       1        0.0%
SFR0                 0      0       0       1        0.0%
BITSFR1              0      0       0       2        0.0%
SFR1                 0      0       0       2        0.0%
STACK                0      0       0       2        0.0%
ABS                  0      0       0       3        0.0%
BITBANK0            50      0       0       4        0.0%
BITSFR3              0      0       0       4        0.0%
SFR3                 0      0       0       4        0.0%
BANK0               50      0       0       5        0.0%
BITSFR2              0      0       0       5        0.0%
SFR2                 0      0       0       5        0.0%
BITBANK1            50      0       0       6        0.0%
BANK1               50      0       0       7        0.0%
BITBANK3            60      0       0       8        0.0%
BANK3               60      0       0       9        0.0%
BITBANK2            60      0       0      10        0.0%
BANK2               60      0       0      11        0.0%
DATA                 0      0       0      12        0.0%


Microchip Technology PIC Macro Assembler V1.36 build -262312587 
Symbol Table                                                                                   Fri Feb 19 17:38:22 2016

                     l19 07D7                       u65 07DD                      l530 07BD  
                    l524 07E8                      l526 07F5                     _main 07B6  
                   btemp 007E                     ltemp 007E                     start 0000  
                   ttemp 007E                     wtemp 007E         __end_of_DELAY_ms 07FC  
                  ?_main 0070                    _PORTA 0005                    _PORTB 0006  
                  _PORTC 0007                    _PORTD 0008                    _TRISA 0085  
                  _TRISB 0086                    _TRISC 0087                    _TRISD 0088  
                  ltemp0 007E                    ltemp1 0082                    ltemp2 0086  
                  ltemp3 0080                    ttemp0 007E                    ttemp1 0081  
                  ttemp2 0084                    ttemp3 0087                    ttemp4 007F  
                  status 0003                    wtemp0 007E                    wtemp1 0080  
                  wtemp2 0082                    wtemp3 0084                    wtemp4 0086  
                  wtemp5 0088                    wtemp6 007F          __initialization 07FC  
           __end_of_main 07D5                   ??_main 0076                DELAY_ms@i 0072  
              DELAY_ms@j 0074         DELAY_ms@ms_Count 0070                ?_DELAY_ms 0070  
__end_of__initialization 07FC           __pcstackCOMMON 0070               ??_DELAY_ms 0072  
             __pmaintext 07B6                  __ptext1 07D5     end_of_initialization 07FC  
      __size_of_DELAY_ms 0027      start_initialization 07FC                ___latbits 0002  
               _DELAY_ms 07D5                main@count 0077            __size_of_main 001F  
