

Microchip Technology PIC LITE Macro Assembler V1.36 build -262312587 
                                                                                               Tue Mar 15 11:22:37 2016

Microchip Technology Omniscient Code Generator v1.36 (Free mode) build 201601150325
     1                           	processor	16F877A
     2                           	opt	pw 120
     3                           	opt	lm
     4                           	psect	cinit,global,class=CODE,merge=1,delta=2
     5                           	psect	cstackCOMMON,global,class=COMMON,space=1,delta=1
     6                           	psect	maintext,global,class=CODE,split=1,delta=2
     7                           	psect	text1,local,class=CODE,merge=1,delta=2
     8                           	dabs	1,0x7E,2
     9  0000                     	;# 
    10  0001                     	;# 
    11  0002                     	;# 
    12  0003                     	;# 
    13  0004                     	;# 
    14  0005                     	;# 
    15  0006                     	;# 
    16  0007                     	;# 
    17  0008                     	;# 
    18  0009                     	;# 
    19  000A                     	;# 
    20  000B                     	;# 
    21  000C                     	;# 
    22  000D                     	;# 
    23  000E                     	;# 
    24  000E                     	;# 
    25  000F                     	;# 
    26  0010                     	;# 
    27  0011                     	;# 
    28  0012                     	;# 
    29  0013                     	;# 
    30  0014                     	;# 
    31  0015                     	;# 
    32  0015                     	;# 
    33  0016                     	;# 
    34  0017                     	;# 
    35  0018                     	;# 
    36  0019                     	;# 
    37  001A                     	;# 
    38  001B                     	;# 
    39  001B                     	;# 
    40  001C                     	;# 
    41  001D                     	;# 
    42  001E                     	;# 
    43  001F                     	;# 
    44  0081                     	;# 
    45  0085                     	;# 
    46  0086                     	;# 
    47  0087                     	;# 
    48  0088                     	;# 
    49  0089                     	;# 
    50  008C                     	;# 
    51  008D                     	;# 
    52  008E                     	;# 
    53  0091                     	;# 
    54  0092                     	;# 
    55  0093                     	;# 
    56  0094                     	;# 
    57  0098                     	;# 
    58  0099                     	;# 
    59  009C                     	;# 
    60  009D                     	;# 
    61  009E                     	;# 
    62  009F                     	;# 
    63  010C                     	;# 
    64  010D                     	;# 
    65  010E                     	;# 
    66  010F                     	;# 
    67  018C                     	;# 
    68  018D                     	;# 
    69  0005                     _PORTA	set	5
    70  0006                     _PORTB	set	6
    71  0007                     _PORTC	set	7
    72  0008                     _PORTD	set	8
    73  0085                     _TRISA	set	133
    74  0086                     _TRISB	set	134
    75  0087                     _TRISC	set	135
    76  0088                     _TRISD	set	136
    77                           
    78                           	psect	cinit
    79  07FC                     start_initialization:	
    80                           ; #config settings
    81                           
    82  07FC                     __initialization:	
    83  07FC                     end_of_initialization:	
    84                           ;End of C runtime variable initialization code
    85                           
    86  07FC                     __end_of__initialization:	
    87  07FC  0183               	clrf	3
    88  07FD  120A  118A  2FA4   	ljmp	_main	;jump to C main() function
    89                           
    90                           	psect	cstackCOMMON
    91  0070                     __pcstackCOMMON:	
    92  0070                     ?_DELAY_ms:	
    93  0070                     ?_main:	
    94                           ; 1 bytes @ 0x0
    95                           
    96  0070                     DELAY_ms@ms_Count:	
    97                           ; 2 bytes @ 0x0
    98                           
    99                           
   100                           ; 2 bytes @ 0x0
   101  0070                     	ds	2
   102  0072                     ??_DELAY_ms:	
   103  0072                     DELAY_ms@i:	
   104                           ; 1 bytes @ 0x2
   105                           
   106                           
   107                           ; 2 bytes @ 0x2
   108  0072                     	ds	2
   109  0074                     DELAY_ms@j:	
   110                           
   111                           ; 2 bytes @ 0x4
   112  0074                     	ds	2
   113  0076                     ??_main:	
   114  0076                     main@i:	
   115                           ; 1 bytes @ 0x6
   116                           
   117                           
   118                           ; 2 bytes @ 0x6
   119  0076                     	ds	2
   120  0078                     main@pattern:	
   121                           
   122                           ; 2 bytes @ 0x8
   123  0078                     	ds	2
   124                           
   125                           	psect	maintext
   126  07A4                     __pmaintext:	
   127 ;;
   128 ;;Main: autosize = 0, tempsize = 0, incstack = 0, save=0
   129 ;;
   130 ;; *************** function _main *****************
   131 ;; Defined at:
   132 ;;		line 48 in file "main.c"
   133 ;; Parameters:    Size  Location     Type
   134 ;;		None
   135 ;; Auto vars:     Size  Location     Type
   136 ;;  pattern         2    8[COMMON] int 
   137 ;;  i               2    6[COMMON] int 
   138 ;; Return value:  Size  Location     Type
   139 ;;                  2   26[None  ] int 
   140 ;; Registers used:
   141 ;;		wreg, status,2, status,0, btemp+1, pclath, cstack
   142 ;; Tracked objects:
   143 ;;		On entry : B00/0
   144 ;;		On exit  : 0/0
   145 ;;		Unchanged: 0/0
   146 ;; Data sizes:     COMMON   BANK0   BANK1   BANK3   BANK2
   147 ;;      Params:         0       0       0       0       0
   148 ;;      Locals:         4       0       0       0       0
   149 ;;      Temps:          0       0       0       0       0
   150 ;;      Totals:         4       0       0       0       0
   151 ;;Total ram usage:        4 bytes
   152 ;; Hardware stack levels required when called:    1
   153 ;; This function calls:
   154 ;;		_DELAY_ms
   155 ;; This function is called by:
   156 ;;		Startup code after reset
   157 ;; This function uses a non-reentrant model
   158 ;;
   159                           
   160                           
   161                           ;psect for function _main
   162  07A4                     _main:	
   163                           
   164                           ;main.c: 50: int i,pattern;
   165                           ;main.c: 52: TRISA = 0x00;
   166                           
   167                           ;incstack = 0
   168                           ; Regs used in _main: [wreg+status,2+status,0+btemp+1+pclath+cstack]
   169  07A4  1683               	bsf	3,5	;RP0=1, select bank1
   170  07A5  1303               	bcf	3,6	;RP1=0, select bank1
   171  07A6  0185               	clrf	5	;volatile
   172                           
   173                           ;main.c: 53: TRISB = 0x00;
   174  07A7  0186               	clrf	6	;volatile
   175                           
   176                           ;main.c: 54: TRISC = 0x00;
   177  07A8  0187               	clrf	7	;volatile
   178                           
   179                           ;main.c: 55: TRISD = 0x00;
   180  07A9  0188               	clrf	8	;volatile
   181  07AA                     l556:	
   182                           ;main.c: 57: while(1)
   183                           
   184                           
   185                           ;main.c: 58: {
   186                           ;main.c: 59: PORTA = 0xff;
   187  07AA  30FF               	movlw	255
   188  07AB  1283               	bcf	3,5	;RP0=0, select bank0
   189  07AC  1303               	bcf	3,6	;RP1=0, select bank0
   190  07AD  0085               	movwf	5	;volatile
   191                           
   192                           ;main.c: 60: PORTB = 0xff;
   193  07AE  30FF               	movlw	255
   194  07AF  0086               	movwf	6	;volatile
   195                           
   196                           ;main.c: 61: PORTC = 0xff;
   197  07B0  30FF               	movlw	255
   198  07B1  0087               	movwf	7	;volatile
   199                           
   200                           ;main.c: 62: PORTD = 0xff;
   201  07B2  30FF               	movlw	255
   202  07B3  0088               	movwf	8	;volatile
   203                           
   204                           ;main.c: 63: DELAY_ms(100);
   205  07B4  3064               	movlw	100
   206  07B5  00F0               	movwf	DELAY_ms@ms_Count
   207  07B6  3000               	movlw	0
   208  07B7  00F1               	movwf	DELAY_ms@ms_Count+1
   209  07B8  120A  118A  277D  120A  118A  	fcall	_DELAY_ms
   210                           
   211                           ;main.c: 65: PORTA = 0x00;
   212  07BD  1283               	bcf	3,5	;RP0=0, select bank0
   213  07BE  1303               	bcf	3,6	;RP1=0, select bank0
   214  07BF  0185               	clrf	5	;volatile
   215                           
   216                           ;main.c: 66: PORTB = 0x00;
   217  07C0  0186               	clrf	6	;volatile
   218                           
   219                           ;main.c: 67: PORTC = 0x00;
   220  07C1  0187               	clrf	7	;volatile
   221                           
   222                           ;main.c: 68: PORTD = 0x00;
   223  07C2  0188               	clrf	8	;volatile
   224                           
   225                           ;main.c: 69: DELAY_ms(100);
   226  07C3  3064               	movlw	100
   227  07C4  00F0               	movwf	DELAY_ms@ms_Count
   228  07C5  3000               	movlw	0
   229  07C6  00F1               	movwf	DELAY_ms@ms_Count+1
   230  07C7  120A  118A  277D  120A  118A  	fcall	_DELAY_ms
   231                           
   232                           ;main.c: 71: pattern=0x01;
   233  07CC  3001               	movlw	1
   234  07CD  00F8               	movwf	main@pattern
   235  07CE  3000               	movlw	0
   236  07CF  00F9               	movwf	main@pattern+1
   237                           
   238                           ;main.c: 72: for(i=0;i<8;i++)
   239  07D0  01F6               	clrf	main@i
   240  07D1  01F7               	clrf	main@i+1
   241  07D2                     L1:	
   242  07D2  0877               	movf	main@i+1,w
   243  07D3  3A80               	xorlw	128
   244  07D4  00FF               	movwf	127
   245  07D5  3080               	movlw	128
   246  07D6  027F               	subwf	127,w
   247  07D7  1D03               	skipz
   248  07D8  2FDB               	goto	u95
   249  07D9  3008               	movlw	8
   250  07DA  0276               	subwf	main@i,w
   251  07DB                     u95:	
   252  07DB  1803               	btfsc	3,0
   253  07DC  2FAA               	goto	l556
   254                           
   255                           ;main.c: 73: {
   256                           ;main.c: 74: PORTA = pattern;
   257  07DD  0878               	movf	main@pattern,w
   258  07DE  1283               	bcf	3,5	;RP0=0, select bank0
   259  07DF  1303               	bcf	3,6	;RP1=0, select bank0
   260  07E0  0085               	movwf	5	;volatile
   261                           
   262                           ;main.c: 75: PORTB = pattern;
   263  07E1  0878               	movf	main@pattern,w
   264  07E2  0086               	movwf	6	;volatile
   265                           
   266                           ;main.c: 76: PORTC = pattern;
   267  07E3  0878               	movf	main@pattern,w
   268  07E4  0087               	movwf	7	;volatile
   269                           
   270                           ;main.c: 77: PORTD = pattern;
   271  07E5  0878               	movf	main@pattern,w
   272  07E6  0088               	movwf	8	;volatile
   273                           
   274                           ;main.c: 78: pattern = pattern<<1;
   275  07E7  1003               	clrc
   276  07E8  0D78               	rlf	main@pattern,w
   277  07E9  00F8               	movwf	main@pattern
   278  07EA  0D79               	rlf	main@pattern+1,w
   279  07EB  00F9               	movwf	main@pattern+1
   280                           
   281                           ;main.c: 79: DELAY_ms(100);
   282  07EC  3064               	movlw	100
   283  07ED  00F0               	movwf	DELAY_ms@ms_Count
   284  07EE  3000               	movlw	0
   285  07EF  00F1               	movwf	DELAY_ms@ms_Count+1
   286  07F0  120A  118A  277D  120A  118A  	fcall	_DELAY_ms
   287  07F5  3001               	movlw	1
   288  07F6  07F6               	addwf	main@i,f
   289  07F7  1803               	skipnc
   290  07F8  0AF7               	incf	main@i+1,f
   291  07F9  3000               	movlw	0
   292  07FA  07F7               	addwf	main@i+1,f
   293  07FB  2FD2               	goto	L1
   294  07FC                     __end_of_main:	
   295                           ;main.c: 80: }
   296                           ;main.c: 81: }
   297                           ;main.c: 83: return (0);
   298                           ;	Return value of _main is never used
   299                           
   300                           
   301                           	psect	text1
   302  077D                     __ptext1:	
   303 ;; *************** function _DELAY_ms *****************
   304 ;; Defined at:
   305 ;;		line 40 in file "main.c"
   306 ;; Parameters:    Size  Location     Type
   307 ;;  ms_Count        2    0[COMMON] unsigned int 
   308 ;; Auto vars:     Size  Location     Type
   309 ;;  j               2    4[COMMON] unsigned int 
   310 ;;  i               2    2[COMMON] unsigned int 
   311 ;; Return value:  Size  Location     Type
   312 ;;                  1    wreg      void 
   313 ;; Registers used:
   314 ;;		wreg, status,2
   315 ;; Tracked objects:
   316 ;;		On entry : 0/0
   317 ;;		On exit  : 0/0
   318 ;;		Unchanged: 0/0
   319 ;; Data sizes:     COMMON   BANK0   BANK1   BANK3   BANK2
   320 ;;      Params:         2       0       0       0       0
   321 ;;      Locals:         4       0       0       0       0
   322 ;;      Temps:          0       0       0       0       0
   323 ;;      Totals:         6       0       0       0       0
   324 ;;Total ram usage:        6 bytes
   325 ;; Hardware stack levels used:    1
   326 ;; This function calls:
   327 ;;		Nothing
   328 ;; This function is called by:
   329 ;;		_main
   330 ;; This function uses a non-reentrant model
   331 ;;
   332                           
   333                           
   334                           ;psect for function _DELAY_ms
   335  077D                     _DELAY_ms:	
   336                           
   337                           ;main.c: 42: unsigned int i,j;
   338                           ;main.c: 43: for(i=0;i<ms_Count;i++)
   339                           
   340                           ;incstack = 0
   341                           ; Regs used in _DELAY_ms: [wreg+status,2]
   342  077D  01F2               	clrf	DELAY_ms@i
   343  077E  01F3               	clrf	DELAY_ms@i+1
   344  077F                     l19:	
   345  077F  0871               	movf	DELAY_ms@ms_Count+1,w
   346  0780  0273               	subwf	DELAY_ms@i+1,w
   347  0781  1D03               	skipz
   348  0782  2F85               	goto	u85
   349  0783  0870               	movf	DELAY_ms@ms_Count,w
   350  0784  0272               	subwf	DELAY_ms@i,w
   351  0785                     u85:	
   352  0785  1803               	btfsc	3,0
   353  0786  0008               	return
   354                           
   355                           ;main.c: 44: {
   356                           ;main.c: 45: for(j=0;j<1000;j++);
   357  0787  01F4               	clrf	DELAY_ms@j
   358  0788  01F5               	clrf	DELAY_ms@j+1
   359  0789  3003               	movlw	3
   360  078A  0275               	subwf	DELAY_ms@j+1,w
   361  078B  30E8               	movlw	232
   362  078C  1903               	skipnz
   363  078D  0274               	subwf	DELAY_ms@j,w
   364  078E  1803               	btfsc	3,0
   365  078F  2F9D               	goto	l552
   366  0790                     l550:	
   367  0790  3001               	movlw	1
   368  0791  07F4               	addwf	DELAY_ms@j,f
   369  0792  1803               	skipnc
   370  0793  0AF5               	incf	DELAY_ms@j+1,f
   371  0794  3000               	movlw	0
   372  0795  07F5               	addwf	DELAY_ms@j+1,f
   373  0796  3003               	movlw	3
   374  0797  0275               	subwf	DELAY_ms@j+1,w
   375  0798  30E8               	movlw	232
   376  0799  1903               	skipnz
   377  079A  0274               	subwf	DELAY_ms@j,w
   378  079B  1C03               	skipc
   379  079C  2F90               	goto	l550
   380  079D                     l552:	
   381  079D  3001               	movlw	1
   382  079E  07F2               	addwf	DELAY_ms@i,f
   383  079F  1803               	skipnc
   384  07A0  0AF3               	incf	DELAY_ms@i+1,f
   385  07A1  3000               	movlw	0
   386  07A2  07F3               	addwf	DELAY_ms@i+1,f
   387  07A3  2F7F               	goto	l19
   388  07A4                     __end_of_DELAY_ms:	
   389  007E                     btemp	set	126	;btemp
   390  007E                     wtemp	set	126
   391  007E                     wtemp0	set	126
   392  0080                     wtemp1	set	128
   393  0082                     wtemp2	set	130
   394  0084                     wtemp3	set	132
   395  0086                     wtemp4	set	134
   396  0088                     wtemp5	set	136
   397  007F                     wtemp6	set	127
   398  007E                     ttemp	set	126
   399  007E                     ttemp0	set	126
   400  0081                     ttemp1	set	129
   401  0084                     ttemp2	set	132
   402  0087                     ttemp3	set	135
   403  007F                     ttemp4	set	127
   404  007E                     ltemp	set	126
   405  007E                     ltemp0	set	126
   406  0082                     ltemp1	set	130
   407  0086                     ltemp2	set	134
   408  0080                     ltemp3	set	128


Data Sizes:
    Strings     0
    Constant    0
    Data        0
    BSS         0
    Persistent  0
    Stack       0

Auto Spaces:
    Space          Size  Autos    Used
    COMMON           14     10      10
    BANK0            80      0       0
    BANK1            80      0       0
    BANK3            96      0       0
    BANK2            96      0       0

Pointer List with Targets:

    None.

Critical Paths under _main in COMMON

    _main->_DELAY_ms

Critical Paths under _main in BANK0

    None.

Critical Paths under _main in BANK1

    None.

Critical Paths under _main in BANK3

    None.

Critical Paths under _main in BANK2

    None.

Call Graph Tables:

 ---------------------------------------------------------------------------------
 (Depth) Function   	        Calls       Base Space   Used Autos Params    Refs
 ---------------------------------------------------------------------------------
 (0) _main                                                 4     4      0     409
                                              6 COMMON     4     4      0
                           _DELAY_ms
 ---------------------------------------------------------------------------------
 (1) _DELAY_ms                                             6     4      2     251
                                              0 COMMON     6     4      2
 ---------------------------------------------------------------------------------
 Estimated maximum stack depth 1
 ---------------------------------------------------------------------------------

 Call Graph Graphs:

 _main (ROOT)
   _DELAY_ms

 Address spaces:
Name               Size   Autos  Total    Cost      Usage
BITCOMMON            E      0       0       0        0.0%
EEDATA             100      0       0       0        0.0%
NULL                 0      0       0       0        0.0%
CODE                 0      0       0       0        0.0%
COMMON               E      A       A       1       71.4%
BITSFR0              0      0       0       1        0.0%
SFR0                 0      0       0       1        0.0%
BITSFR1              0      0       0       2        0.0%
SFR1                 0      0       0       2        0.0%
STACK                0      0       0       2        0.0%
ABS                  0      0       0       3        0.0%
BITBANK0            50      0       0       4        0.0%
BITSFR3              0      0       0       4        0.0%
SFR3                 0      0       0       4        0.0%
BANK0               50      0       0       5        0.0%
BITSFR2              0      0       0       5        0.0%
SFR2                 0      0       0       5        0.0%
BITBANK1            50      0       0       6        0.0%
BANK1               50      0       0       7        0.0%
BITBANK3            60      0       0       8        0.0%
BANK3               60      0       0       9        0.0%
BITBANK2            60      0       0      10        0.0%
BANK2               60      0       0      11        0.0%
DATA                 0      0       0      12        0.0%


Microchip Technology PIC Macro Assembler V1.36 build -262312587 
Symbol Table                                                                                   Tue Mar 15 11:22:37 2016

                     l19 077F                       u85 0785                       u95 07DB  
                    l550 0790                      l552 079D                      l556 07AA  
            main@pattern 0078                     _main 07A4                     btemp 007E  
                   ltemp 007E                     start 0000                     ttemp 007E  
                   wtemp 007E         __end_of_DELAY_ms 07A4                    ?_main 0070  
                  _PORTA 0005                    _PORTB 0006                    _PORTC 0007  
                  _PORTD 0008                    _TRISA 0085                    _TRISB 0086  
                  _TRISC 0087                    _TRISD 0088                    main@i 0076  
                  ltemp0 007E                    ltemp1 0082                    ltemp2 0086  
                  ltemp3 0080                    ttemp0 007E                    ttemp1 0081  
                  ttemp2 0084                    ttemp3 0087                    ttemp4 007F  
                  status 0003                    wtemp0 007E                    wtemp1 0080  
                  wtemp2 0082                    wtemp3 0084                    wtemp4 0086  
                  wtemp5 0088                    wtemp6 007F          __initialization 07FC  
           __end_of_main 07FC                   ??_main 0076                DELAY_ms@i 0072  
              DELAY_ms@j 0074         DELAY_ms@ms_Count 0070                ?_DELAY_ms 0070  
__end_of__initialization 07FC           __pcstackCOMMON 0070               ??_DELAY_ms 0072  
             __pmaintext 07A4                  __ptext1 077D     end_of_initialization 07FC  
      __size_of_DELAY_ms 0027      start_initialization 07FC                ___latbits 0002  
               _DELAY_ms 077D            __size_of_main 0058  
