

Microchip Technology PIC LITE Macro Assembler V1.36 build -262312587 
                                                                                               Fri May 06 14:07:02 2016

Microchip Technology Omniscient Code Generator v1.36 (Free mode) build 201601150325
     1                           	processor	16F877A
     2                           	opt	pw 120
     3                           	opt	lm
     4                           	psect	cinit,global,class=CODE,merge=1,delta=2
     5                           	psect	cstackCOMMON,global,class=COMMON,space=1,delta=1
     6                           	psect	maintext,global,class=CODE,split=1,delta=2
     7                           	dabs	1,0x7E,2
     8  0000                     	;# 
     9  0001                     	;# 
    10  0002                     	;# 
    11  0003                     	;# 
    12  0004                     	;# 
    13  0005                     	;# 
    14  0006                     	;# 
    15  0007                     	;# 
    16  0008                     	;# 
    17  0009                     	;# 
    18  000A                     	;# 
    19  000B                     	;# 
    20  000C                     	;# 
    21  000D                     	;# 
    22  000E                     	;# 
    23  000E                     	;# 
    24  000F                     	;# 
    25  0010                     	;# 
    26  0011                     	;# 
    27  0012                     	;# 
    28  0013                     	;# 
    29  0014                     	;# 
    30  0015                     	;# 
    31  0015                     	;# 
    32  0016                     	;# 
    33  0017                     	;# 
    34  0018                     	;# 
    35  0019                     	;# 
    36  001A                     	;# 
    37  001B                     	;# 
    38  001B                     	;# 
    39  001C                     	;# 
    40  001D                     	;# 
    41  001E                     	;# 
    42  001F                     	;# 
    43  0081                     	;# 
    44  0085                     	;# 
    45  0086                     	;# 
    46  0087                     	;# 
    47  0088                     	;# 
    48  0089                     	;# 
    49  008C                     	;# 
    50  008D                     	;# 
    51  008E                     	;# 
    52  0091                     	;# 
    53  0092                     	;# 
    54  0093                     	;# 
    55  0094                     	;# 
    56  0098                     	;# 
    57  0099                     	;# 
    58  009C                     	;# 
    59  009D                     	;# 
    60  009E                     	;# 
    61  009F                     	;# 
    62  010C                     	;# 
    63  010D                     	;# 
    64  010E                     	;# 
    65  010F                     	;# 
    66  018C                     	;# 
    67  018D                     	;# 
    68  0006                     _PORTB	set	6
    69  0008                     _PORTD	set	8
    70  0086                     _TRISB	set	134
    71  0088                     _TRISD	set	136
    72                           
    73                           	psect	cinit
    74  07FC                     start_initialization:	
    75                           ; #config settings
    76                           
    77  07FC                     __initialization:	
    78  07FC                     end_of_initialization:	
    79                           ;End of C runtime variable initialization code
    80                           
    81  07FC                     __end_of__initialization:	
    82  07FC  0183               	clrf	3
    83  07FD  120A  118A  2FF3   	ljmp	_main	;jump to C main() function
    84                           
    85                           	psect	cstackCOMMON
    86  0000                     __pcstackCOMMON:	
    87  0000                     ??_main:	
    88  0000                     ?_main:	
    89                           ; 1 bytes @ 0x0
    90                           
    91                           
    92                           	psect	maintext
    93  07F3                     __pmaintext:	
    94                           ; 2 bytes @ 0x0
    95 ;;
    96 ;;Main: autosize = 0, tempsize = 0, incstack = 0, save=0
    97 ;;
    98 ;; *************** function _main *****************
    99 ;; Defined at:
   100 ;;		line 3 in file "main.c"
   101 ;; Parameters:    Size  Location     Type
   102 ;;		None
   103 ;; Auto vars:     Size  Location     Type
   104 ;;		None
   105 ;; Return value:  Size  Location     Type
   106 ;;                  2   10[None  ] int 
   107 ;; Registers used:
   108 ;;		wreg, status,2
   109 ;; Tracked objects:
   110 ;;		On entry : B00/0
   111 ;;		On exit  : 0/0
   112 ;;		Unchanged: 0/0
   113 ;; Data sizes:     COMMON   BANK0   BANK1   BANK3   BANK2
   114 ;;      Params:         0       0       0       0       0
   115 ;;      Locals:         0       0       0       0       0
   116 ;;      Temps:          0       0       0       0       0
   117 ;;      Totals:         0       0       0       0       0
   118 ;;Total ram usage:        0 bytes
   119 ;; This function calls:
   120 ;;		Nothing
   121 ;; This function is called by:
   122 ;;		Startup code after reset
   123 ;; This function uses a non-reentrant model
   124 ;;
   125                           
   126                           
   127                           ;psect for function _main
   128  07F3                     _main:	
   129                           
   130                           ;main.c: 5: TRISB = 0x00;
   131                           
   132                           ;incstack = 0
   133                           ; Regs used in _main: [wreg+status,2]
   134  07F3  1683               	bsf	3,5	;RP0=1, select bank1
   135  07F4  1303               	bcf	3,6	;RP1=0, select bank1
   136  07F5  0186               	clrf	6	;volatile
   137                           
   138                           ;main.c: 6: TRISD = 0xff;
   139  07F6  30FF               	movlw	255
   140  07F7  0088               	movwf	8	;volatile
   141  07F8                     l478:	
   142                           ;main.c: 8: while(1)
   143                           
   144                           
   145                           ;main.c: 9: {
   146                           ;main.c: 10: PORTB = PORTD;
   147  07F8  1283               	bcf	3,5	;RP0=0, select bank0
   148  07F9  0808               	movf	8,w	;volatile
   149  07FA  0086               	movwf	6	;volatile
   150  07FB  2FF8               	goto	l478
   151  07FC                     __end_of_main:	
   152                           ;main.c: 11: }
   153                           ;main.c: 12: return 0;
   154                           ;	Return value of _main is never used
   155                           
   156  007E                     btemp	set	126	;btemp
   157  007E                     wtemp	set	126
   158  007E                     wtemp0	set	126
   159  0080                     wtemp1	set	128
   160  0082                     wtemp2	set	130
   161  0084                     wtemp3	set	132
   162  0086                     wtemp4	set	134
   163  0088                     wtemp5	set	136
   164  007F                     wtemp6	set	127
   165  007E                     ttemp	set	126
   166  007E                     ttemp0	set	126
   167  0081                     ttemp1	set	129
   168  0084                     ttemp2	set	132
   169  0087                     ttemp3	set	135
   170  007F                     ttemp4	set	127
   171  007E                     ltemp	set	126
   172  007E                     ltemp0	set	126
   173  0082                     ltemp1	set	130
   174  0086                     ltemp2	set	134
   175  0080                     ltemp3	set	128


Data Sizes:
    Strings     0
    Constant    0
    Data        0
    BSS         0
    Persistent  0
    Stack       0

Auto Spaces:
    Space          Size  Autos    Used
    COMMON           14      0       0
    BANK0            80      0       0
    BANK1            80      0       0
    BANK3            96      0       0
    BANK2            96      0       0

Pointer List with Targets:

    None.

Critical Paths under _main in COMMON

    None.

Critical Paths under _main in BANK0

    None.

Critical Paths under _main in BANK1

    None.

Critical Paths under _main in BANK3

    None.

Critical Paths under _main in BANK2

    None.

Call Graph Tables:

 ---------------------------------------------------------------------------------
 (Depth) Function   	        Calls       Base Space   Used Autos Params    Refs
 ---------------------------------------------------------------------------------
 (0) _main                                                 0     0      0       0
 ---------------------------------------------------------------------------------
 Estimated maximum stack depth 0
 ---------------------------------------------------------------------------------

 Call Graph Graphs:

 _main (ROOT)

 Address spaces:
Name               Size   Autos  Total    Cost      Usage
BITCOMMON            E      0       0       0        0.0%
EEDATA             100      0       0       0        0.0%
NULL                 0      0       0       0        0.0%
CODE                 0      0       0       0        0.0%
COMMON               E      0       0       1        0.0%
BITSFR0              0      0       0       1        0.0%
SFR0                 0      0       0       1        0.0%
BITSFR1              0      0       0       2        0.0%
SFR1                 0      0       0       2        0.0%
STACK                0      0       0       2        0.0%
ABS                  0      0       0       3        0.0%
BITBANK0            50      0       0       4        0.0%
BITSFR3              0      0       0       4        0.0%
SFR3                 0      0       0       4        0.0%
BANK0               50      0       0       5        0.0%
BITSFR2              0      0       0       5        0.0%
SFR2                 0      0       0       5        0.0%
BITBANK1            50      0       0       6        0.0%
BANK1               50      0       0       7        0.0%
BITBANK3            60      0       0       8        0.0%
BANK3               60      0       0       9        0.0%
BITBANK2            60      0       0      10        0.0%
BANK2               60      0       0      11        0.0%
DATA                 0      0       0      12        0.0%


Microchip Technology PIC Macro Assembler V1.36 build -262312587 
Symbol Table                                                                                   Fri May 06 14:07:02 2016

                    l478 07F8                     _main 07F3                     btemp 007E  
                   ltemp 007E                     start 0000                     ttemp 007E  
                   wtemp 007E                    ?_main 0000                    _PORTB 0006  
                  _PORTD 0008                    _TRISB 0086                    _TRISD 0088  
                  ltemp0 007E                    ltemp1 0082                    ltemp2 0086  
                  ltemp3 0080                    ttemp0 007E                    ttemp1 0081  
                  ttemp2 0084                    ttemp3 0087                    ttemp4 007F  
                  status 0003                    wtemp0 007E                    wtemp1 0080  
                  wtemp2 0082                    wtemp3 0084                    wtemp4 0086  
                  wtemp5 0088                    wtemp6 007F          __initialization 07FC  
           __end_of_main 07FC                   ??_main 0000  __end_of__initialization 07FC  
         __pcstackCOMMON 0000               __pmaintext 07F3     end_of_initialization 07FC  
    start_initialization 07FC                ___latbits 0002            __size_of_main 0009  
