

Microchip Technology PIC LITE Macro Assembler V1.36 build -262312587 
                                                                                               Fri May 06 13:39:34 2016

Microchip Technology Omniscient Code Generator v1.36 (Free mode) build 201601150325
     1                           	processor	16F877A
     2                           	opt	pw 120
     3                           	opt	lm
     4                           	psect	cinit,global,class=CODE,merge=1,delta=2
     5                           	psect	cstackCOMMON,global,class=COMMON,space=1,delta=1
     6                           	psect	maintext,global,class=CODE,split=1,delta=2
     7                           	psect	text1,local,class=CODE,merge=1,delta=2
     8                           	dabs	1,0x7E,2
     9  0000                     	;# 
    10  0001                     	;# 
    11  0002                     	;# 
    12  0003                     	;# 
    13  0004                     	;# 
    14  0005                     	;# 
    15  0006                     	;# 
    16  0007                     	;# 
    17  0008                     	;# 
    18  0009                     	;# 
    19  000A                     	;# 
    20  000B                     	;# 
    21  000C                     	;# 
    22  000D                     	;# 
    23  000E                     	;# 
    24  000E                     	;# 
    25  000F                     	;# 
    26  0010                     	;# 
    27  0011                     	;# 
    28  0012                     	;# 
    29  0013                     	;# 
    30  0014                     	;# 
    31  0015                     	;# 
    32  0015                     	;# 
    33  0016                     	;# 
    34  0017                     	;# 
    35  0018                     	;# 
    36  0019                     	;# 
    37  001A                     	;# 
    38  001B                     	;# 
    39  001B                     	;# 
    40  001C                     	;# 
    41  001D                     	;# 
    42  001E                     	;# 
    43  001F                     	;# 
    44  0081                     	;# 
    45  0085                     	;# 
    46  0086                     	;# 
    47  0087                     	;# 
    48  0088                     	;# 
    49  0089                     	;# 
    50  008C                     	;# 
    51  008D                     	;# 
    52  008E                     	;# 
    53  0091                     	;# 
    54  0092                     	;# 
    55  0093                     	;# 
    56  0094                     	;# 
    57  0098                     	;# 
    58  0099                     	;# 
    59  009C                     	;# 
    60  009D                     	;# 
    61  009E                     	;# 
    62  009F                     	;# 
    63  010C                     	;# 
    64  010D                     	;# 
    65  010E                     	;# 
    66  010F                     	;# 
    67  018C                     	;# 
    68  018D                     	;# 
    69  0005                     _PORTA	set	5
    70  0006                     _PORTB	set	6
    71  0007                     _PORTC	set	7
    72  0008                     _PORTD	set	8
    73  0085                     _TRISA	set	133
    74  0086                     _TRISB	set	134
    75  0087                     _TRISC	set	135
    76  0088                     _TRISD	set	136
    77                           
    78                           	psect	cinit
    79  07FC                     start_initialization:	
    80                           ; #config settings
    81                           
    82  07FC                     __initialization:	
    83  07FC                     end_of_initialization:	
    84                           ;End of C runtime variable initialization code
    85                           
    86  07FC                     __end_of__initialization:	
    87  07FC  0183               	clrf	3
    88  07FD  120A  118A  2FD3   	ljmp	_main	;jump to C main() function
    89                           
    90                           	psect	cstackCOMMON
    91  0070                     __pcstackCOMMON:	
    92  0070                     ?_DELAY_ms:	
    93  0070                     ?_main:	
    94                           ; 1 bytes @ 0x0
    95                           
    96  0070                     DELAY_ms@ms_Count:	
    97                           ; 2 bytes @ 0x0
    98                           
    99                           
   100                           ; 2 bytes @ 0x0
   101  0070                     	ds	2
   102  0072                     ??_DELAY_ms:	
   103  0072                     DELAY_ms@i:	
   104                           ; 1 bytes @ 0x2
   105                           
   106                           
   107                           ; 2 bytes @ 0x2
   108  0072                     	ds	2
   109  0074                     DELAY_ms@j:	
   110                           
   111                           ; 2 bytes @ 0x4
   112  0074                     	ds	2
   113  0076                     ??_main:	
   114                           
   115                           	psect	maintext
   116  07D3                     __pmaintext:	
   117                           ; 1 bytes @ 0x6
   118 ;;
   119 ;;Main: autosize = 0, tempsize = 0, incstack = 0, save=0
   120 ;;
   121 ;; *************** function _main *****************
   122 ;; Defined at:
   123 ;;		line 12 in file "main.c"
   124 ;; Parameters:    Size  Location     Type
   125 ;;		None
   126 ;; Auto vars:     Size  Location     Type
   127 ;;		None
   128 ;; Return value:  Size  Location     Type
   129 ;;                  2   26[None  ] int 
   130 ;; Registers used:
   131 ;;		wreg, status,2, status,0, pclath, cstack
   132 ;; Tracked objects:
   133 ;;		On entry : B00/0
   134 ;;		On exit  : 0/0
   135 ;;		Unchanged: 0/0
   136 ;; Data sizes:     COMMON   BANK0   BANK1   BANK3   BANK2
   137 ;;      Params:         0       0       0       0       0
   138 ;;      Locals:         0       0       0       0       0
   139 ;;      Temps:          0       0       0       0       0
   140 ;;      Totals:         0       0       0       0       0
   141 ;;Total ram usage:        0 bytes
   142 ;; Hardware stack levels required when called:    1
   143 ;; This function calls:
   144 ;;		_DELAY_ms
   145 ;; This function is called by:
   146 ;;		Startup code after reset
   147 ;; This function uses a non-reentrant model
   148 ;;
   149                           
   150                           
   151                           ;psect for function _main
   152  07D3                     _main:	
   153                           
   154                           ;main.c: 15: TRISA = 0x00;
   155                           
   156                           ;incstack = 0
   157                           ; Regs used in _main: [wreg+status,2+status,0+pclath+cstack]
   158  07D3  1683               	bsf	3,5	;RP0=1, select bank1
   159  07D4  1303               	bcf	3,6	;RP1=0, select bank1
   160  07D5  0185               	clrf	5	;volatile
   161                           
   162                           ;main.c: 16: TRISB = 0x00;
   163  07D6  0186               	clrf	6	;volatile
   164                           
   165                           ;main.c: 17: TRISC = 0x00;
   166  07D7  0187               	clrf	7	;volatile
   167                           
   168                           ;main.c: 18: TRISD = 0x00;
   169  07D8  0188               	clrf	8	;volatile
   170  07D9                     l538:	
   171                           ;main.c: 20: while(1)
   172                           
   173                           
   174                           ;main.c: 21: {
   175                           ;main.c: 22: PORTA = 0xff;
   176  07D9  30FF               	movlw	255
   177  07DA  1283               	bcf	3,5	;RP0=0, select bank0
   178  07DB  1303               	bcf	3,6	;RP1=0, select bank0
   179  07DC  0085               	movwf	5	;volatile
   180                           
   181                           ;main.c: 23: PORTB = 0xff;
   182  07DD  30FF               	movlw	255
   183  07DE  0086               	movwf	6	;volatile
   184                           
   185                           ;main.c: 24: PORTC = 0xff;
   186  07DF  30FF               	movlw	255
   187  07E0  0087               	movwf	7	;volatile
   188                           
   189                           ;main.c: 25: PORTD = 0xff;
   190  07E1  30FF               	movlw	255
   191  07E2  0088               	movwf	8	;volatile
   192                           
   193                           ;main.c: 26: DELAY_ms(100);
   194  07E3  3064               	movlw	100
   195  07E4  00F0               	movwf	DELAY_ms@ms_Count
   196  07E5  3000               	movlw	0
   197  07E6  00F1               	movwf	DELAY_ms@ms_Count+1
   198  07E7  120A  118A  27AC  120A  118A  	fcall	_DELAY_ms
   199                           
   200                           ;main.c: 28: PORTA = 0x00;
   201  07EC  1283               	bcf	3,5	;RP0=0, select bank0
   202  07ED  1303               	bcf	3,6	;RP1=0, select bank0
   203  07EE  0185               	clrf	5	;volatile
   204                           
   205                           ;main.c: 29: PORTB = 0x00;
   206  07EF  0186               	clrf	6	;volatile
   207                           
   208                           ;main.c: 30: PORTC = 0x00;
   209  07F0  0187               	clrf	7	;volatile
   210                           
   211                           ;main.c: 31: PORTD = 0x00;
   212  07F1  0188               	clrf	8	;volatile
   213                           
   214                           ;main.c: 32: DELAY_ms(100);
   215  07F2  3064               	movlw	100
   216  07F3  00F0               	movwf	DELAY_ms@ms_Count
   217  07F4  3000               	movlw	0
   218  07F5  00F1               	movwf	DELAY_ms@ms_Count+1
   219  07F6  120A  118A  27AC  120A  118A  	fcall	_DELAY_ms
   220  07FB  2FD9               	goto	l538
   221  07FC                     __end_of_main:	
   222                           ;main.c: 33: }
   223                           ;main.c: 35: return (0);
   224                           ;	Return value of _main is never used
   225                           
   226                           
   227                           	psect	text1
   228  07AC                     __ptext1:	
   229 ;; *************** function _DELAY_ms *****************
   230 ;; Defined at:
   231 ;;		line 3 in file "main.c"
   232 ;; Parameters:    Size  Location     Type
   233 ;;  ms_Count        2    0[COMMON] unsigned int 
   234 ;; Auto vars:     Size  Location     Type
   235 ;;  j               2    4[COMMON] unsigned int 
   236 ;;  i               2    2[COMMON] unsigned int 
   237 ;; Return value:  Size  Location     Type
   238 ;;                  1    wreg      void 
   239 ;; Registers used:
   240 ;;		wreg, status,2
   241 ;; Tracked objects:
   242 ;;		On entry : 0/0
   243 ;;		On exit  : 0/0
   244 ;;		Unchanged: 0/0
   245 ;; Data sizes:     COMMON   BANK0   BANK1   BANK3   BANK2
   246 ;;      Params:         2       0       0       0       0
   247 ;;      Locals:         4       0       0       0       0
   248 ;;      Temps:          0       0       0       0       0
   249 ;;      Totals:         6       0       0       0       0
   250 ;;Total ram usage:        6 bytes
   251 ;; Hardware stack levels used:    1
   252 ;; This function calls:
   253 ;;		Nothing
   254 ;; This function is called by:
   255 ;;		_main
   256 ;; This function uses a non-reentrant model
   257 ;;
   258                           
   259                           
   260                           ;psect for function _DELAY_ms
   261  07AC                     _DELAY_ms:	
   262                           
   263                           ;main.c: 5: unsigned int i,j;
   264                           ;main.c: 6: for(i=0;i<ms_Count;i++)
   265                           
   266                           ;incstack = 0
   267                           ; Regs used in _DELAY_ms: [wreg+status,2]
   268  07AC  01F2               	clrf	DELAY_ms@i
   269  07AD  01F3               	clrf	DELAY_ms@i+1
   270  07AE                     l19:	
   271  07AE  0871               	movf	DELAY_ms@ms_Count+1,w
   272  07AF  0273               	subwf	DELAY_ms@i+1,w
   273  07B0  1D03               	skipz
   274  07B1  2FB4               	goto	u65
   275  07B2  0870               	movf	DELAY_ms@ms_Count,w
   276  07B3  0272               	subwf	DELAY_ms@i,w
   277  07B4                     u65:	
   278  07B4  1803               	btfsc	3,0
   279  07B5  0008               	return
   280                           
   281                           ;main.c: 7: {
   282                           ;main.c: 8: for(j=0;j<1000;j++);
   283  07B6  01F4               	clrf	DELAY_ms@j
   284  07B7  01F5               	clrf	DELAY_ms@j+1
   285  07B8  3003               	movlw	3
   286  07B9  0275               	subwf	DELAY_ms@j+1,w
   287  07BA  30E8               	movlw	232
   288  07BB  1903               	skipnz
   289  07BC  0274               	subwf	DELAY_ms@j,w
   290  07BD  1803               	btfsc	3,0
   291  07BE  2FCC               	goto	l534
   292  07BF                     l532:	
   293  07BF  3001               	movlw	1
   294  07C0  07F4               	addwf	DELAY_ms@j,f
   295  07C1  1803               	skipnc
   296  07C2  0AF5               	incf	DELAY_ms@j+1,f
   297  07C3  3000               	movlw	0
   298  07C4  07F5               	addwf	DELAY_ms@j+1,f
   299  07C5  3003               	movlw	3
   300  07C6  0275               	subwf	DELAY_ms@j+1,w
   301  07C7  30E8               	movlw	232
   302  07C8  1903               	skipnz
   303  07C9  0274               	subwf	DELAY_ms@j,w
   304  07CA  1C03               	skipc
   305  07CB  2FBF               	goto	l532
   306  07CC                     l534:	
   307  07CC  3001               	movlw	1
   308  07CD  07F2               	addwf	DELAY_ms@i,f
   309  07CE  1803               	skipnc
   310  07CF  0AF3               	incf	DELAY_ms@i+1,f
   311  07D0  3000               	movlw	0
   312  07D1  07F3               	addwf	DELAY_ms@i+1,f
   313  07D2  2FAE               	goto	l19
   314  07D3                     __end_of_DELAY_ms:	
   315  007E                     btemp	set	126	;btemp
   316  007E                     wtemp	set	126
   317  007E                     wtemp0	set	126
   318  0080                     wtemp1	set	128
   319  0082                     wtemp2	set	130
   320  0084                     wtemp3	set	132
   321  0086                     wtemp4	set	134
   322  0088                     wtemp5	set	136
   323  007F                     wtemp6	set	127
   324  007E                     ttemp	set	126
   325  007E                     ttemp0	set	126
   326  0081                     ttemp1	set	129
   327  0084                     ttemp2	set	132
   328  0087                     ttemp3	set	135
   329  007F                     ttemp4	set	127
   330  007E                     ltemp	set	126
   331  007E                     ltemp0	set	126
   332  0082                     ltemp1	set	130
   333  0086                     ltemp2	set	134
   334  0080                     ltemp3	set	128


Data Sizes:
    Strings     0
    Constant    0
    Data        0
    BSS         0
    Persistent  0
    Stack       0

Auto Spaces:
    Space          Size  Autos    Used
    COMMON           14      6       6
    BANK0            80      0       0
    BANK1            80      0       0
    BANK3            96      0       0
    BANK2            96      0       0

Pointer List with Targets:

    None.

Critical Paths under _main in COMMON

    _main->_DELAY_ms

Critical Paths under _main in BANK0

    None.

Critical Paths under _main in BANK1

    None.

Critical Paths under _main in BANK3

    None.

Critical Paths under _main in BANK2

    None.

Call Graph Tables:

 ---------------------------------------------------------------------------------
 (Depth) Function   	        Calls       Base Space   Used Autos Params    Refs
 ---------------------------------------------------------------------------------
 (0) _main                                                 0     0      0     198
                           _DELAY_ms
 ---------------------------------------------------------------------------------
 (1) _DELAY_ms                                             6     4      2     198
                                              0 COMMON     6     4      2
 ---------------------------------------------------------------------------------
 Estimated maximum stack depth 1
 ---------------------------------------------------------------------------------

 Call Graph Graphs:

 _main (ROOT)
   _DELAY_ms

 Address spaces:
Name               Size   Autos  Total    Cost      Usage
BITCOMMON            E      0       0       0        0.0%
EEDATA             100      0       0       0        0.0%
NULL                 0      0       0       0        0.0%
CODE                 0      0       0       0        0.0%
COMMON               E      6       6       1       42.9%
BITSFR0              0      0       0       1        0.0%
SFR0                 0      0       0       1        0.0%
BITSFR1              0      0       0       2        0.0%
SFR1                 0      0       0       2        0.0%
STACK                0      0       0       2        0.0%
ABS                  0      0       0       3        0.0%
BITBANK0            50      0       0       4        0.0%
BITSFR3              0      0       0       4        0.0%
SFR3                 0      0       0       4        0.0%
BANK0               50      0       0       5        0.0%
BITSFR2              0      0       0       5        0.0%
SFR2                 0      0       0       5        0.0%
BITBANK1            50      0       0       6        0.0%
BANK1               50      0       0       7        0.0%
BITBANK3            60      0       0       8        0.0%
BANK3               60      0       0       9        0.0%
BITBANK2            60      0       0      10        0.0%
BANK2               60      0       0      11        0.0%
DATA                 0      0       0      12        0.0%


Microchip Technology PIC Macro Assembler V1.36 build -262312587 
Symbol Table                                                                                   Fri May 06 13:39:34 2016

                     l19 07AE                       u65 07B4                      l532 07BF  
                    l534 07CC                      l538 07D9                     _main 07D3  
                   btemp 007E                     ltemp 007E                     start 0000  
                   ttemp 007E                     wtemp 007E         __end_of_DELAY_ms 07D3  
                  ?_main 0070                    _PORTA 0005                    _PORTB 0006  
                  _PORTC 0007                    _PORTD 0008                    _TRISA 0085  
                  _TRISB 0086                    _TRISC 0087                    _TRISD 0088  
                  ltemp0 007E                    ltemp1 0082                    ltemp2 0086  
                  ltemp3 0080                    ttemp0 007E                    ttemp1 0081  
                  ttemp2 0084                    ttemp3 0087                    ttemp4 007F  
                  status 0003                    wtemp0 007E                    wtemp1 0080  
                  wtemp2 0082                    wtemp3 0084                    wtemp4 0086  
                  wtemp5 0088                    wtemp6 007F          __initialization 07FC  
           __end_of_main 07FC                   ??_main 0076                DELAY_ms@i 0072  
              DELAY_ms@j 0074         DELAY_ms@ms_Count 0070                ?_DELAY_ms 0070  
__end_of__initialization 07FC           __pcstackCOMMON 0070               ??_DELAY_ms 0072  
             __pmaintext 07D3                  __ptext1 07AC     end_of_initialization 07FC  
      __size_of_DELAY_ms 0027      start_initialization 07FC                ___latbits 0002  
               _DELAY_ms 07AC            __size_of_main 0029  
