

Microchip Technology PIC LITE Macro Assembler V1.36 build -262312587 
                                                                                               Sat Feb 20 11:37:39 2016

Microchip Technology Omniscient Code Generator v1.36 (Free mode) build 201601150325
     1                           	processor	16F877A
     2                           	opt	pw 120
     3                           	opt	lm
     4                           	psect	cinit,global,class=CODE,merge=1,delta=2
     5                           	psect	cstackCOMMON,global,class=COMMON,space=1,delta=1
     6                           	psect	maintext,global,class=CODE,split=1,delta=2
     7                           	dabs	1,0x7E,2
     8  0000                     	;# 
     9  0001                     	;# 
    10  0002                     	;# 
    11  0003                     	;# 
    12  0004                     	;# 
    13  0005                     	;# 
    14  0006                     	;# 
    15  0007                     	;# 
    16  0008                     	;# 
    17  0009                     	;# 
    18  000A                     	;# 
    19  000B                     	;# 
    20  000C                     	;# 
    21  000D                     	;# 
    22  000E                     	;# 
    23  000E                     	;# 
    24  000F                     	;# 
    25  0010                     	;# 
    26  0011                     	;# 
    27  0012                     	;# 
    28  0013                     	;# 
    29  0014                     	;# 
    30  0015                     	;# 
    31  0015                     	;# 
    32  0016                     	;# 
    33  0017                     	;# 
    34  0018                     	;# 
    35  0019                     	;# 
    36  001A                     	;# 
    37  001B                     	;# 
    38  001B                     	;# 
    39  001C                     	;# 
    40  001D                     	;# 
    41  001E                     	;# 
    42  001F                     	;# 
    43  0081                     	;# 
    44  0085                     	;# 
    45  0086                     	;# 
    46  0087                     	;# 
    47  0088                     	;# 
    48  0089                     	;# 
    49  008C                     	;# 
    50  008D                     	;# 
    51  008E                     	;# 
    52  0091                     	;# 
    53  0092                     	;# 
    54  0093                     	;# 
    55  0094                     	;# 
    56  0098                     	;# 
    57  0099                     	;# 
    58  009C                     	;# 
    59  009D                     	;# 
    60  009E                     	;# 
    61  009F                     	;# 
    62  010C                     	;# 
    63  010D                     	;# 
    64  010E                     	;# 
    65  010F                     	;# 
    66  018C                     	;# 
    67  018D                     	;# 
    68  0006                     _PORTB	set	6
    69  0008                     _PORTD	set	8
    70  0086                     _TRISB	set	134
    71  0088                     _TRISD	set	136
    72                           
    73                           	psect	cinit
    74  07FC                     start_initialization:	
    75                           ; #config settings
    76                           
    77  07FC                     __initialization:	
    78  07FC                     end_of_initialization:	
    79                           ;End of C runtime variable initialization code
    80                           
    81  07FC                     __end_of__initialization:	
    82  07FC  0183               	clrf	3
    83  07FD  120A  118A  2FF2   	ljmp	_main	;jump to C main() function
    84                           
    85                           	psect	cstackCOMMON
    86  0070                     __pcstackCOMMON:	
    87  0070                     ??_main:	
    88  0070                     ?_main:	
    89                           ; 1 bytes @ 0x0
    90                           
    91  0070                     main@count:	
    92                           ; 2 bytes @ 0x0
    93                           
    94                           
    95                           ; 1 bytes @ 0x0
    96  0070                     	ds	1
    97                           
    98                           	psect	maintext
    99  07F2                     __pmaintext:	
   100 ;;
   101 ;;Main: autosize = 0, tempsize = 0, incstack = 0, save=0
   102 ;;
   103 ;; *************** function _main *****************
   104 ;; Defined at:
   105 ;;		line 40 in file "main.c"
   106 ;; Parameters:    Size  Location     Type
   107 ;;		None
   108 ;; Auto vars:     Size  Location     Type
   109 ;;  count           1    0[COMMON] unsigned char 
   110 ;; Return value:  Size  Location     Type
   111 ;;                  2   10[None  ] int 
   112 ;; Registers used:
   113 ;;		wreg, status,2
   114 ;; Tracked objects:
   115 ;;		On entry : B00/0
   116 ;;		On exit  : 0/0
   117 ;;		Unchanged: 0/0
   118 ;; Data sizes:     COMMON   BANK0   BANK1   BANK3   BANK2
   119 ;;      Params:         0       0       0       0       0
   120 ;;      Locals:         1       0       0       0       0
   121 ;;      Temps:          0       0       0       0       0
   122 ;;      Totals:         1       0       0       0       0
   123 ;;Total ram usage:        1 bytes
   124 ;; This function calls:
   125 ;;		Nothing
   126 ;; This function is called by:
   127 ;;		Startup code after reset
   128 ;; This function uses a non-reentrant model
   129 ;;
   130                           
   131                           
   132                           ;psect for function _main
   133  07F2                     _main:	
   134                           
   135                           ;main.c: 42: unsigned char count = 0;
   136                           
   137                           ;incstack = 0
   138                           ; Regs used in _main: [wreg+status,2]
   139  07F2  01F0               	clrf	main@count
   140                           
   141                           ;main.c: 44: TRISD = 0x00;
   142  07F3  1683               	bsf	3,5	;RP0=1, select bank1
   143  07F4  1303               	bcf	3,6	;RP1=0, select bank1
   144  07F5  0188               	clrf	8	;volatile
   145                           
   146                           ;main.c: 45: TRISB = 0xff;
   147  07F6  30FF               	movlw	255
   148  07F7  0086               	movwf	6	;volatile
   149  07F8                     l478:	
   150                           ;main.c: 47: while(1)
   151                           
   152                           
   153                           ;main.c: 48: {
   154                           ;main.c: 50: PORTD = PORTB;
   155  07F8  1283               	bcf	3,5	;RP0=0, select bank0
   156  07F9  0806               	movf	6,w	;volatile
   157  07FA  0088               	movwf	8	;volatile
   158  07FB  2FF8               	goto	l478
   159  07FC                     __end_of_main:	
   160                           ;main.c: 51: }
   161                           ;main.c: 53: return (0);
   162                           ;	Return value of _main is never used
   163                           
   164  007E                     btemp	set	126	;btemp
   165  007E                     wtemp	set	126
   166  007E                     wtemp0	set	126
   167  0080                     wtemp1	set	128
   168  0082                     wtemp2	set	130
   169  0084                     wtemp3	set	132
   170  0086                     wtemp4	set	134
   171  0088                     wtemp5	set	136
   172  007F                     wtemp6	set	127
   173  007E                     ttemp	set	126
   174  007E                     ttemp0	set	126
   175  0081                     ttemp1	set	129
   176  0084                     ttemp2	set	132
   177  0087                     ttemp3	set	135
   178  007F                     ttemp4	set	127
   179  007E                     ltemp	set	126
   180  007E                     ltemp0	set	126
   181  0082                     ltemp1	set	130
   182  0086                     ltemp2	set	134
   183  0080                     ltemp3	set	128


Data Sizes:
    Strings     0
    Constant    0
    Data        0
    BSS         0
    Persistent  0
    Stack       0

Auto Spaces:
    Space          Size  Autos    Used
    COMMON           14      1       1
    BANK0            80      0       0
    BANK1            80      0       0
    BANK3            96      0       0
    BANK2            96      0       0

Pointer List with Targets:

    None.

Critical Paths under _main in COMMON

    None.

Critical Paths under _main in BANK0

    None.

Critical Paths under _main in BANK1

    None.

Critical Paths under _main in BANK3

    None.

Critical Paths under _main in BANK2

    None.

Call Graph Tables:

 ---------------------------------------------------------------------------------
 (Depth) Function   	        Calls       Base Space   Used Autos Params    Refs
 ---------------------------------------------------------------------------------
 (0) _main                                                 1     1      0       0
                                              0 COMMON     1     1      0
 ---------------------------------------------------------------------------------
 Estimated maximum stack depth 0
 ---------------------------------------------------------------------------------

 Call Graph Graphs:

 _main (ROOT)

 Address spaces:
Name               Size   Autos  Total    Cost      Usage
BITCOMMON            E      0       0       0        0.0%
EEDATA             100      0       0       0        0.0%
NULL                 0      0       0       0        0.0%
CODE                 0      0       0       0        0.0%
COMMON               E      1       1       1        7.1%
BITSFR0              0      0       0       1        0.0%
SFR0                 0      0       0       1        0.0%
BITSFR1              0      0       0       2        0.0%
SFR1                 0      0       0       2        0.0%
STACK                0      0       0       2        0.0%
ABS                  0      0       0       3        0.0%
BITBANK0            50      0       0       4        0.0%
BITSFR3              0      0       0       4        0.0%
SFR3                 0      0       0       4        0.0%
BANK0               50      0       0       5        0.0%
BITSFR2              0      0       0       5        0.0%
SFR2                 0      0       0       5        0.0%
BITBANK1            50      0       0       6        0.0%
BANK1               50      0       0       7        0.0%
BITBANK3            60      0       0       8        0.0%
BANK3               60      0       0       9        0.0%
BITBANK2            60      0       0      10        0.0%
BANK2               60      0       0      11        0.0%
DATA                 0      0       0      12        0.0%


Microchip Technology PIC Macro Assembler V1.36 build -262312587 
Symbol Table                                                                                   Sat Feb 20 11:37:39 2016

                    l478 07F8                     _main 07F2                     btemp 007E  
                   ltemp 007E                     start 0000                     ttemp 007E  
                   wtemp 007E                    ?_main 0070                    _PORTB 0006  
                  _PORTD 0008                    _TRISB 0086                    _TRISD 0088  
                  ltemp0 007E                    ltemp1 0082                    ltemp2 0086  
                  ltemp3 0080                    ttemp0 007E                    ttemp1 0081  
                  ttemp2 0084                    ttemp3 0087                    ttemp4 007F  
                  status 0003                    wtemp0 007E                    wtemp1 0080  
                  wtemp2 0082                    wtemp3 0084                    wtemp4 0086  
                  wtemp5 0088                    wtemp6 007F          __initialization 07FC  
           __end_of_main 07FC                   ??_main 0070  __end_of__initialization 07FC  
         __pcstackCOMMON 0070               __pmaintext 07F2     end_of_initialization 07FC  
    start_initialization 07FC                ___latbits 0002                main@count 0070  
          __size_of_main 000A  
